{"contracts/_test/TransactionRecorder.sol":{"l":{"16":2,"20":1,"21":1,"22":1,"23":1,"24":1,"28":0,"29":0,"30":0,"31":0,"32":0,"36":0,"37":0},"path":"/home/logan/Work/ethereum-alarm-clock/contracts/_test/TransactionRecorder.sol","s":{"1":2,"2":1,"3":1,"4":1,"5":1,"6":1,"7":0,"8":0,"9":0,"10":0,"11":0,"12":0,"13":0},"b":{"1":[0,0]},"f":{"1":2,"2":1,"3":0,"4":0},"fnMap":{"1":{"name":"TransactionRecorder","line":15,"loc":{"start":{"line":15,"column":4},"end":{"line":15,"column":32}}},"2":{"name":null,"line":19,"loc":{"start":{"line":19,"column":4},"end":{"line":19,"column":20}}},"3":{"name":"__reset__","line":27,"loc":{"start":{"line":27,"column":4},"end":{"line":27,"column":29}}},"4":{"name":"kill","line":35,"loc":{"start":{"line":35,"column":4},"end":{"line":35,"column":24}}}},"statementMap":{"1":{"start":{"line":16,"column":8},"end":{"line":16,"column":25}},"2":{"start":{"line":20,"column":8},"end":{"line":20,"column":28}},"3":{"start":{"line":21,"column":8},"end":{"line":21,"column":30}},"4":{"start":{"line":22,"column":8},"end":{"line":22,"column":30}},"5":{"start":{"line":23,"column":8},"end":{"line":23,"column":32}},"6":{"start":{"line":24,"column":8},"end":{"line":24,"column":23}},"7":{"start":{"line":28,"column":8},"end":{"line":28,"column":22}},"8":{"start":{"line":29,"column":8},"end":{"line":29,"column":24}},"9":{"start":{"line":30,"column":8},"end":{"line":30,"column":23}},"10":{"start":{"line":31,"column":8},"end":{"line":31,"column":24}},"11":{"start":{"line":32,"column":8},"end":{"line":32,"column":24}},"12":{"start":{"line":36,"column":8},"end":{"line":36,"column":35}},"13":{"start":{"line":37,"column":8},"end":{"line":37,"column":26}}},"branchMap":{"1":{"line":36,"type":"if","locations":[{"start":{"line":36,"column":8},"end":{"line":36,"column":8}},{"start":{"line":36,"column":8},"end":{"line":36,"column":8}}]}}},"contracts/_test/TxRequestTester.sol":{"l":{"24":0,"30":0},"path":"/home/logan/Work/ethereum-alarm-clock/contracts/_test/TxRequestTester.sol","s":{"1":0,"2":0},"b":{},"f":{"1":0,"2":0,"3":0},"fnMap":{"1":{"name":"TxRequestTester","line":12,"loc":{"start":{"line":12,"column":4},"end":{"line":19,"column":5}}},"2":{"name":"getMockBlock","line":21,"loc":{"start":{"line":21,"column":4},"end":{"line":23,"column":5}}},"3":{"name":"setMockBlock","line":27,"loc":{"start":{"line":27,"column":4},"end":{"line":29,"column":5}}}},"statementMap":{"1":{"start":{"line":24,"column":8},"end":{"line":24,"column":24}},"2":{"start":{"line":30,"column":8},"end":{"line":30,"column":28}}},"branchMap":{}},"contracts/Interface/RequestFactoryInterface.sol":{"l":{},"path":"/home/logan/Work/ethereum-alarm-clock/contracts/Interface/RequestFactoryInterface.sol","s":{},"b":{},"f":{},"fnMap":{},"statementMap":{},"branchMap":{}},"contracts/Interface/RequestTrackerInterface.sol":{"l":{},"path":"/home/logan/Work/ethereum-alarm-clock/contracts/Interface/RequestTrackerInterface.sol","s":{},"b":{},"f":{},"fnMap":{},"statementMap":{},"branchMap":{}},"contracts/Interface/SchedulerInterface.sol":{"l":{"30":0,"31":0,"33":0,"35":0,"37":0},"path":"/home/logan/Work/ethereum-alarm-clock/contracts/Interface/SchedulerInterface.sol","s":{"1":0,"2":0,"3":0},"b":{"1":[0,0],"2":[0,0]},"f":{"1":0},"fnMap":{"1":{"name":"doReset","line":29,"loc":{"start":{"line":29,"column":4},"end":{"line":29,"column":18}}}},"statementMap":{"1":{"start":{"line":30,"column":8},"end":{"line":30,"column":1103}},"2":{"start":{"line":32,"column":15},"end":{"line":32,"column":1195}},"3":{"start":{"line":35,"column":12},"end":{"line":35,"column":19}}},"branchMap":{"1":{"line":30,"type":"if","locations":[{"start":{"line":30,"column":8},"end":{"line":30,"column":8}},{"start":{"line":30,"column":8},"end":{"line":30,"column":8}}]},"2":{"line":32,"type":"if","locations":[{"start":{"line":32,"column":15},"end":{"line":32,"column":15}},{"start":{"line":32,"column":15},"end":{"line":32,"column":15}}]}}},"contracts/Interface/TransactionRequestInterface.sol":{"l":{},"path":"/home/logan/Work/ethereum-alarm-clock/contracts/Interface/TransactionRequestInterface.sol","s":{},"b":{},"f":{},"fnMap":{},"statementMap":{},"branchMap":{}},"contracts/IterTools.sol":{"l":{"14":0,"15":0,"16":0,"19":0},"path":"/home/logan/Work/ethereum-alarm-clock/contracts/IterTools.sol","s":{"1":0,"2":0,"3":0,"4":0},"b":{"1":[0,0]},"f":{"1":0},"fnMap":{"1":{"name":"all","line":13,"loc":{"start":{"line":13,"column":4},"end":{"line":13,"column":46}}}},"statementMap":{"1":{"start":{"line":14,"column":8},"end":{"line":14,"column":429}},"2":{"start":{"line":15,"column":12},"end":{"line":15,"column":489}},"3":{"start":{"line":16,"column":16},"end":{"line":16,"column":28}},"4":{"start":{"line":19,"column":8},"end":{"line":19,"column":19}}},"branchMap":{"1":{"line":15,"type":"if","locations":[{"start":{"line":15,"column":12},"end":{"line":15,"column":12}},{"start":{"line":15,"column":12},"end":{"line":15,"column":12}}]}}},"contracts/Library/ClaimLib.sol":{"l":{"27":0,"28":0,"29":0,"36":0,"46":0,"57":0,"59":0,"60":0,"62":0,"63":0},"path":"/home/logan/Work/ethereum-alarm-clock/contracts/Library/ClaimLib.sol","s":{"1":0,"2":0,"3":0,"4":0,"5":0,"6":0,"7":0,"8":0},"b":{"1":[0,0]},"f":{"1":0,"2":0,"3":0,"4":0},"fnMap":{"1":{"name":"claim","line":26,"loc":{"start":{"line":26,"column":4},"end":{"line":26,"column":78}}},"2":{"name":"isClaimed","line":35,"loc":{"start":{"line":35,"column":4},"end":{"line":35,"column":59}}},"3":{"name":"minimumDeposit","line":43,"loc":{"start":{"line":43,"column":4},"end":{"line":45,"column":5}}},"4":{"name":"refundDeposit","line":53,"loc":{"start":{"line":53,"column":4},"end":{"line":55,"column":5}}}},"statementMap":{"1":{"start":{"line":27,"column":8},"end":{"line":27,"column":34}},"2":{"start":{"line":28,"column":8},"end":{"line":28,"column":36}},"3":{"start":{"line":29,"column":8},"end":{"line":29,"column":45}},"4":{"start":{"line":36,"column":8},"end":{"line":36,"column":36}},"5":{"start":{"line":46,"column":8},"end":{"line":46,"column":29}},"6":{"start":{"line":57,"column":8},"end":{"line":57,"column":38}},"7":{"start":{"line":60,"column":8},"end":{"line":60,"column":40}},"8":{"start":{"line":63,"column":8},"end":{"line":63,"column":19}}},"branchMap":{"1":{"line":57,"type":"if","locations":[{"start":{"line":57,"column":8},"end":{"line":57,"column":8}},{"start":{"line":57,"column":8},"end":{"line":57,"column":8}}]}}},"contracts/Library/ExecutionLib.sol":{"l":{"26":0,"40":0,"50":0,"59":0},"path":"/home/logan/Work/ethereum-alarm-clock/contracts/Library/ExecutionLib.sol","s":{"1":0,"2":0,"3":0,"4":0},"b":{},"f":{"1":0,"2":0,"3":0,"4":0},"fnMap":{"1":{"name":"sendTransaction","line":23,"loc":{"start":{"line":23,"column":4},"end":{"line":25,"column":5}}},"2":{"name":"CALL_GAS_CEILING","line":37,"loc":{"start":{"line":37,"column":4},"end":{"line":39,"column":5}}},"3":{"name":"validateCallGas","line":47,"loc":{"start":{"line":47,"column":5},"end":{"line":49,"column":5}}},"4":{"name":"validateToAddress","line":56,"loc":{"start":{"line":56,"column":5},"end":{"line":58,"column":5}}}},"statementMap":{"1":{"start":{"line":26,"column":8},"end":{"line":26,"column":672}},"2":{"start":{"line":40,"column":8},"end":{"line":40,"column":41}},"3":{"start":{"line":50,"column":8},"end":{"line":50,"column":52}},"4":{"start":{"line":59,"column":8},"end":{"line":59,"column":31}}},"branchMap":{}},"contracts/Library/GroveLib.sol":{"l":{"26":47,"27":37,"29":10,"39":0,"46":0,"53":0,"60":0,"67":0,"74":0,"81":12,"83":12,"85":0,"88":12,"90":12,"92":6,"94":6,"95":3,"97":6,"100":6,"104":6,"105":6,"107":6,"108":11,"109":5,"112":6,"113":1,"115":5,"116":5,"121":1,"128":12,"130":12,"132":0,"135":12,"137":12,"139":5,"141":5,"142":3,"144":5,"147":7,"150":7,"151":7,"153":7,"154":11,"155":6,"158":5,"159":1,"161":4,"162":4,"169":1,"178":13,"182":0,"183":0,"185":0,"188":13,"189":13,"191":13,"193":13,"194":2,"196":13,"199":13,"200":41,"202":13,"203":13,"204":13,"205":13,"209":28,"212":28,"213":14,"214":5,"216":14,"217":14,"221":14,"222":6,"224":14,"228":13,"235":15,"242":1,"243":1,"244":1,"245":1,"247":1,"249":1,"251":0,"254":1,"257":0,"259":0,"263":0,"266":0,"270":0,"276":0,"277":0,"278":0,"279":0,"280":0,"283":0,"284":0,"285":0,"286":0,"287":0,"294":0,"295":0,"296":0,"297":0,"298":0,"300":0,"301":0,"307":0,"310":0,"311":0,"312":0,"313":0,"316":0,"317":0,"318":0,"319":0,"325":0,"327":0,"328":0,"330":0,"331":0,"335":0,"340":1,"344":1,"345":1,"346":1,"347":1,"348":1,"349":1,"352":1,"353":0,"364":12,"365":0,"367":12,"368":0,"370":12,"371":7,"373":5,"374":5,"376":0,"377":0,"381":0,"385":3,"387":3,"388":5,"389":3,"391":2,"396":2,"398":2,"399":4,"400":2,"402":2,"417":2,"419":2,"421":0,"424":2,"426":2,"427":7,"430":7,"433":3,"434":1,"436":2,"439":2,"440":2,"442":0,"445":4,"448":4,"449":1,"451":3,"452":3,"453":3,"455":0,"459":0,"460":0,"463":0,"465":0,"466":0,"469":0,"470":0,"473":0,"475":0,"476":0,"479":0,"480":0,"481":0,"482":0,"484":0,"485":0,"488":0,"489":0,"490":0,"492":0,"493":0,"502":13,"504":13,"505":43,"507":43,"509":0,"513":0,"515":0,"518":43,"520":2,"524":1,"526":2,"529":43,"530":41,"533":43,"536":13,"539":30,"544":45,"546":45,"550":47,"552":47,"556":2,"558":2,"561":0,"566":2,"567":2,"570":2,"572":2,"575":1,"579":1,"580":0,"582":1,"583":1,"588":2,"591":1,"592":1,"593":1,"597":2,"598":2,"600":2,"601":1,"605":2,"606":2,"610":1,"612":1,"615":0,"620":1,"621":1,"624":1,"626":1,"629":1,"631":1,"632":0,"634":1,"635":1,"639":1,"640":0,"641":0,"642":0,"646":1,"647":1,"649":1,"650":0,"654":1,"655":1},"path":"/home/logan/Work/ethereum-alarm-clock/contracts/Library/GroveLib.sol","s":{"1":47,"2":37,"3":10,"4":0,"5":0,"6":0,"7":0,"8":0,"9":0,"10":12,"11":12,"12":0,"13":12,"14":6,"15":6,"16":3,"17":6,"18":6,"19":6,"20":6,"21":6,"22":11,"23":5,"24":6,"25":5,"26":5,"27":1,"28":12,"29":12,"30":0,"31":12,"32":5,"33":5,"34":3,"35":5,"36":7,"37":7,"38":7,"39":7,"40":11,"41":6,"42":5,"43":4,"44":4,"45":1,"46":13,"47":0,"48":0,"49":0,"50":13,"51":13,"52":2,"53":13,"54":13,"55":41,"56":13,"57":13,"58":13,"59":28,"60":28,"61":14,"62":5,"63":14,"64":14,"65":6,"66":14,"67":13,"68":15,"69":1,"70":1,"71":0,"72":1,"73":0,"74":0,"75":0,"76":0,"77":0,"78":0,"79":0,"80":0,"81":0,"82":0,"83":0,"84":0,"85":0,"86":0,"87":0,"88":0,"89":0,"90":0,"91":0,"92":0,"93":0,"94":0,"95":0,"96":0,"97":0,"98":0,"99":0,"100":0,"101":0,"102":0,"103":0,"104":1,"105":0,"106":0,"107":0,"108":0,"109":0,"110":0,"111":1,"112":1,"113":1,"114":1,"115":1,"116":1,"117":1,"118":1,"119":0,"120":12,"121":0,"122":12,"123":0,"124":12,"125":7,"126":5,"127":5,"128":0,"129":0,"130":0,"131":3,"132":3,"133":5,"134":3,"135":2,"136":2,"137":2,"138":4,"139":2,"140":2,"141":2,"142":2,"143":0,"144":2,"145":2,"146":7,"147":7,"148":3,"149":1,"150":2,"151":2,"152":0,"153":4,"154":4,"155":1,"156":3,"157":3,"158":0,"159":0,"160":0,"161":0,"162":0,"163":0,"164":0,"165":0,"166":0,"167":0,"168":0,"169":0,"170":0,"171":0,"172":0,"173":0,"174":0,"175":0,"176":13,"177":13,"178":43,"179":43,"180":0,"181":0,"182":0,"183":43,"184":2,"185":1,"186":2,"187":43,"188":41,"189":43,"190":30,"191":45,"192":45,"193":47,"194":47,"195":2,"196":2,"197":0,"198":2,"199":2,"200":2,"201":2,"202":1,"203":1,"204":0,"205":1,"206":1,"207":2,"208":1,"209":1,"210":1,"211":2,"212":2,"213":2,"214":1,"215":2,"216":2,"217":1,"218":1,"219":0,"220":1,"221":1,"222":1,"223":1,"224":1,"225":1,"226":0,"227":1,"228":1,"229":1,"230":0,"231":0,"232":0,"233":1,"234":1,"235":1,"236":0,"237":1,"238":1},"b":{"1":[37,10],"2":[0,12],"3":[6,6],"4":[6,0],"5":[5,6],"6":[1,5],"7":[0,12],"8":[5,7],"9":[7,0],"10":[6,5],"11":[1,4],"12":[0,13],"13":[0,0],"14":[2,11],"15":[13,28],"16":[14,14],"17":[5,9],"18":[6,8],"19":[0,1],"20":[0,1],"21":[0,0],"22":[0,0],"23":[0,0],"24":[0,0],"25":[0,0],"26":[0,0],"27":[0,0],"28":[0,0],"29":[0,0],"30":[0,0],"31":[0,1],"32":[0,0],"33":[0,0],"34":[0,1],"35":[0,12],"36":[0,12],"37":[7,5],"38":[5,0],"39":[0,0],"40":[3,2],"41":[2,2],"42":[0,2],"43":[7,0],"44":[3,4],"45":[1,2],"46":[2,0],"47":[4,0],"48":[1,3],"49":[3,0],"50":[0,0],"51":[0,0],"52":[0,0],"53":[0,0],"54":[0,0],"55":[0,0],"56":[0,0],"57":[0,0],"58":[0,0],"59":[0,43],"60":[0,0],"61":[2,41],"62":[1,1],"63":[41,2],"64":[13,30],"65":[0,2],"66":[1,1],"67":[0,1],"68":[1,0],"69":[1,1],"70":[1,1],"71":[0,1],"72":[1,0],"73":[0,1],"74":[1,0],"75":[0,1],"76":[0,1]},"f":{"1":47,"2":0,"3":0,"4":0,"5":0,"6":0,"7":0,"8":12,"9":12,"10":13,"11":15,"12":1,"13":12,"14":3,"15":2,"16":2,"17":13,"18":45,"19":47,"20":2,"21":1},"fnMap":{"1":{"name":"max","line":25,"loc":{"start":{"line":25,"column":8},"end":{"line":25,"column":54}}},"2":{"name":"getNodeId","line":38,"loc":{"start":{"line":38,"column":8},"end":{"line":38,"column":80}}},"3":{"name":"getNodeValue","line":45,"loc":{"start":{"line":45,"column":8},"end":{"line":45,"column":79}}},"4":{"name":"getNodeHeight","line":52,"loc":{"start":{"line":52,"column":8},"end":{"line":52,"column":81}}},"5":{"name":"getNodeParent","line":59,"loc":{"start":{"line":59,"column":8},"end":{"line":59,"column":84}}},"6":{"name":"getNodeLeftChild","line":66,"loc":{"start":{"line":66,"column":8},"end":{"line":66,"column":87}}},"7":{"name":"getNodeRightChild","line":73,"loc":{"start":{"line":73,"column":8},"end":{"line":73,"column":88}}},"8":{"name":"getPreviousNode","line":80,"loc":{"start":{"line":80,"column":8},"end":{"line":80,"column":86}}},"9":{"name":"getNextNode","line":127,"loc":{"start":{"line":127,"column":8},"end":{"line":127,"column":82}}},"10":{"name":"insert","line":177,"loc":{"start":{"line":177,"column":8},"end":{"line":177,"column":68}}},"11":{"name":"exists","line":234,"loc":{"start":{"line":234,"column":8},"end":{"line":234,"column":74}}},"12":{"name":"remove","line":241,"loc":{"start":{"line":241,"column":8},"end":{"line":241,"column":57}}},"13":{"name":"_compare","line":363,"loc":{"start":{"line":363,"column":8},"end":{"line":363,"column":81}}},"14":{"name":"_getMaximum","line":384,"loc":{"start":{"line":384,"column":8},"end":{"line":384,"column":78}}},"15":{"name":"_getMinimum","line":395,"loc":{"start":{"line":395,"column":8},"end":{"line":395,"column":78}}},"16":{"name":"query","line":416,"loc":{"start":{"line":416,"column":8},"end":{"line":416,"column":90}}},"17":{"name":"_rebalanceTree","line":499,"loc":{"start":{"line":499,"column":8},"end":{"line":499,"column":67}}},"18":{"name":"_getBalanceFactor","line":543,"loc":{"start":{"line":543,"column":8},"end":{"line":543,"column":84}}},"19":{"name":"_updateNodeHeight","line":549,"loc":{"start":{"line":549,"column":8},"end":{"line":549,"column":70}}},"20":{"name":"_rotateLeft","line":555,"loc":{"start":{"line":555,"column":8},"end":{"line":555,"column":64}}},"21":{"name":"_rotateRight","line":609,"loc":{"start":{"line":609,"column":8},"end":{"line":609,"column":65}}}},"statementMap":{"1":{"start":{"line":26,"column":12},"end":{"line":26,"column":709}},"2":{"start":{"line":27,"column":16},"end":{"line":27,"column":24}},"3":{"start":{"line":29,"column":12},"end":{"line":29,"column":20}},"4":{"start":{"line":39,"column":12},"end":{"line":39,"column":37}},"5":{"start":{"line":46,"column":12},"end":{"line":46,"column":40}},"6":{"start":{"line":53,"column":12},"end":{"line":53,"column":41}},"7":{"start":{"line":60,"column":12},"end":{"line":60,"column":41}},"8":{"start":{"line":67,"column":12},"end":{"line":67,"column":39}},"9":{"start":{"line":74,"column":12},"end":{"line":74,"column":40}},"10":{"start":{"line":81,"column":12},"end":{"line":81,"column":53}},"11":{"start":{"line":83,"column":12},"end":{"line":83,"column":3119}},"12":{"start":{"line":85,"column":16},"end":{"line":85,"column":26}},"13":{"start":{"line":90,"column":12},"end":{"line":90,"column":3285}},"14":{"start":{"line":92,"column":16},"end":{"line":92,"column":52}},"15":{"start":{"line":94,"column":16},"end":{"line":94,"column":3452}},"16":{"start":{"line":95,"column":20},"end":{"line":95,"column":51}},"17":{"start":{"line":97,"column":16},"end":{"line":97,"column":31}},"18":{"start":{"line":100,"column":12},"end":{"line":100,"column":3607}},"19":{"start":{"line":104,"column":16},"end":{"line":104,"column":68}},"20":{"start":{"line":105,"column":16},"end":{"line":105,"column":34}},"21":{"start":{"line":107,"column":16},"end":{"line":107,"column":3947}},"22":{"start":{"line":108,"column":20},"end":{"line":108,"column":3986}},"23":{"start":{"line":109,"column":24},"end":{"line":109,"column":40}},"24":{"start":{"line":112,"column":20},"end":{"line":112,"column":4103}},"25":{"start":{"line":115,"column":20},"end":{"line":115,"column":33}},"26":{"start":{"line":116,"column":20},"end":{"line":116,"column":54}},"27":{"start":{"line":121,"column":12},"end":{"line":121,"column":22}},"28":{"start":{"line":128,"column":12},"end":{"line":128,"column":53}},"29":{"start":{"line":130,"column":12},"end":{"line":130,"column":4754}},"30":{"start":{"line":132,"column":16},"end":{"line":132,"column":26}},"31":{"start":{"line":137,"column":12},"end":{"line":137,"column":4920}},"32":{"start":{"line":139,"column":16},"end":{"line":139,"column":53}},"33":{"start":{"line":141,"column":16},"end":{"line":141,"column":5093}},"34":{"start":{"line":142,"column":20},"end":{"line":142,"column":50}},"35":{"start":{"line":144,"column":16},"end":{"line":144,"column":31}},"36":{"start":{"line":147,"column":12},"end":{"line":147,"column":5246}},"37":{"start":{"line":150,"column":16},"end":{"line":150,"column":68}},"38":{"start":{"line":151,"column":16},"end":{"line":151,"column":34}},"39":{"start":{"line":153,"column":16},"end":{"line":153,"column":5525}},"40":{"start":{"line":154,"column":20},"end":{"line":154,"column":5564}},"41":{"start":{"line":155,"column":24},"end":{"line":155,"column":40}},"42":{"start":{"line":158,"column":20},"end":{"line":158,"column":5680}},"43":{"start":{"line":161,"column":20},"end":{"line":161,"column":33}},"44":{"start":{"line":162,"column":20},"end":{"line":162,"column":54}},"45":{"start":{"line":169,"column":12},"end":{"line":169,"column":22}},"46":{"start":{"line":178,"column":16},"end":{"line":178,"column":6540}},"47":{"start":{"line":182,"column":20},"end":{"line":182,"column":6790}},"48":{"start":{"line":183,"column":24},"end":{"line":183,"column":30}},"49":{"start":{"line":185,"column":20},"end":{"line":185,"column":36}},"50":{"start":{"line":191,"column":16},"end":{"line":191,"column":43}},"51":{"start":{"line":193,"column":16},"end":{"line":193,"column":7067}},"52":{"start":{"line":194,"column":20},"end":{"line":194,"column":34}},"53":{"start":{"line":196,"column":16},"end":{"line":196,"column":65}},"54":{"start":{"line":199,"column":16},"end":{"line":199,"column":7264}},"55":{"start":{"line":200,"column":20},"end":{"line":200,"column":7303}},"56":{"start":{"line":202,"column":24},"end":{"line":202,"column":42}},"57":{"start":{"line":203,"column":24},"end":{"line":203,"column":58}},"58":{"start":{"line":204,"column":24},"end":{"line":204,"column":48}},"59":{"start":{"line":209,"column":20},"end":{"line":209,"column":50}},"60":{"start":{"line":212,"column":20},"end":{"line":212,"column":7790}},"61":{"start":{"line":213,"column":24},"end":{"line":213,"column":7852}},"62":{"start":{"line":214,"column":28},"end":{"line":214,"column":49}},"63":{"start":{"line":216,"column":24},"end":{"line":216,"column":67}},"64":{"start":{"line":221,"column":20},"end":{"line":221,"column":8170}},"65":{"start":{"line":222,"column":24},"end":{"line":222,"column":44}},"66":{"start":{"line":224,"column":20},"end":{"line":224,"column":62}},"67":{"start":{"line":228,"column":16},"end":{"line":228,"column":52}},"68":{"start":{"line":235,"column":12},"end":{"line":235,"column":47}},"69":{"start":{"line":247,"column":12},"end":{"line":247,"column":54}},"70":{"start":{"line":249,"column":12},"end":{"line":249,"column":9327}},"71":{"start":{"line":251,"column":16},"end":{"line":251,"column":22}},"72":{"start":{"line":254,"column":12},"end":{"line":254,"column":9461}},"73":{"start":{"line":257,"column":16},"end":{"line":257,"column":9688}},"74":{"start":{"line":259,"column":20},"end":{"line":259,"column":89}},"75":{"start":{"line":263,"column":20},"end":{"line":263,"column":85}},"76":{"start":{"line":266,"column":16},"end":{"line":266,"column":59}},"77":{"start":{"line":270,"column":16},"end":{"line":270,"column":51}},"78":{"start":{"line":276,"column":16},"end":{"line":276,"column":10701}},"79":{"start":{"line":277,"column":20},"end":{"line":277,"column":54}},"80":{"start":{"line":278,"column":20},"end":{"line":278,"column":10823}},"81":{"start":{"line":279,"column":24},"end":{"line":279,"column":65}},"82":{"start":{"line":280,"column":24},"end":{"line":280,"column":47}},"83":{"start":{"line":283,"column":16},"end":{"line":283,"column":11029}},"84":{"start":{"line":284,"column":20},"end":{"line":284,"column":54}},"85":{"start":{"line":285,"column":20},"end":{"line":285,"column":11152}},"86":{"start":{"line":286,"column":24},"end":{"line":286,"column":64}},"87":{"start":{"line":287,"column":24},"end":{"line":287,"column":47}},"88":{"start":{"line":294,"column":16},"end":{"line":294,"column":59}},"89":{"start":{"line":295,"column":16},"end":{"line":295,"column":11635}},"90":{"start":{"line":296,"column":20},"end":{"line":296,"column":60}},"91":{"start":{"line":297,"column":20},"end":{"line":297,"column":11756}},"92":{"start":{"line":298,"column":24},"end":{"line":298,"column":55}},"93":{"start":{"line":300,"column":20},"end":{"line":300,"column":11894}},"94":{"start":{"line":301,"column":24},"end":{"line":301,"column":56}},"95":{"start":{"line":307,"column":20},"end":{"line":307,"column":50}},"96":{"start":{"line":310,"column":16},"end":{"line":310,"column":55}},"97":{"start":{"line":311,"column":16},"end":{"line":311,"column":12324}},"98":{"start":{"line":312,"column":20},"end":{"line":312,"column":57}},"99":{"start":{"line":313,"column":20},"end":{"line":313,"column":52}},"100":{"start":{"line":316,"column":16},"end":{"line":316,"column":57}},"101":{"start":{"line":317,"column":16},"end":{"line":317,"column":12566}},"102":{"start":{"line":318,"column":20},"end":{"line":318,"column":58}},"103":{"start":{"line":319,"column":20},"end":{"line":319,"column":52}},"104":{"start":{"line":322,"column":17},"end":{"line":322,"column":12760}},"105":{"start":{"line":325,"column":16},"end":{"line":325,"column":56}},"106":{"start":{"line":327,"column":16},"end":{"line":327,"column":12988}},"107":{"start":{"line":328,"column":20},"end":{"line":328,"column":36}},"108":{"start":{"line":330,"column":16},"end":{"line":330,"column":13099}},"109":{"start":{"line":331,"column":20},"end":{"line":331,"column":37}},"110":{"start":{"line":335,"column":16},"end":{"line":335,"column":42}},"111":{"start":{"line":340,"column":16},"end":{"line":340,"column":31}},"112":{"start":{"line":344,"column":12},"end":{"line":344,"column":32}},"113":{"start":{"line":345,"column":12},"end":{"line":345,"column":33}},"114":{"start":{"line":346,"column":12},"end":{"line":346,"column":36}},"115":{"start":{"line":347,"column":12},"end":{"line":347,"column":34}},"116":{"start":{"line":348,"column":12},"end":{"line":348,"column":35}},"117":{"start":{"line":349,"column":12},"end":{"line":349,"column":34}},"118":{"start":{"line":352,"column":12},"end":{"line":352,"column":13867}},"119":{"start":{"line":353,"column":16},"end":{"line":353,"column":53}},"120":{"start":{"line":364,"column":12},"end":{"line":364,"column":14256}},"121":{"start":{"line":365,"column":16},"end":{"line":365,"column":37}},"122":{"start":{"line":367,"column":12},"end":{"line":367,"column":14343}},"123":{"start":{"line":368,"column":16},"end":{"line":368,"column":37}},"124":{"start":{"line":370,"column":12},"end":{"line":370,"column":14430}},"125":{"start":{"line":371,"column":16},"end":{"line":371,"column":38}},"126":{"start":{"line":373,"column":12},"end":{"line":373,"column":14519}},"127":{"start":{"line":374,"column":16},"end":{"line":374,"column":38}},"128":{"start":{"line":376,"column":12},"end":{"line":376,"column":14608}},"129":{"start":{"line":377,"column":16},"end":{"line":377,"column":38}},"130":{"start":{"line":381,"column":12},"end":{"line":381,"column":17}},"131":{"start":{"line":385,"column":16},"end":{"line":385,"column":57}},"132":{"start":{"line":387,"column":16},"end":{"line":387,"column":14916}},"133":{"start":{"line":388,"column":20},"end":{"line":388,"column":14955}},"134":{"start":{"line":389,"column":24},"end":{"line":389,"column":48}},"135":{"start":{"line":391,"column":20},"end":{"line":391,"column":63}},"136":{"start":{"line":396,"column":16},"end":{"line":396,"column":57}},"137":{"start":{"line":398,"column":16},"end":{"line":398,"column":15314}},"138":{"start":{"line":399,"column":20},"end":{"line":399,"column":15353}},"139":{"start":{"line":400,"column":24},"end":{"line":400,"column":48}},"140":{"start":{"line":402,"column":20},"end":{"line":402,"column":62}},"141":{"start":{"line":417,"column":16},"end":{"line":417,"column":46}},"142":{"start":{"line":419,"column":16},"end":{"line":419,"column":16229}},"143":{"start":{"line":421,"column":20},"end":{"line":421,"column":30}},"144":{"start":{"line":424,"column":16},"end":{"line":424,"column":65}},"145":{"start":{"line":426,"column":16},"end":{"line":426,"column":16425}},"146":{"start":{"line":427,"column":20},"end":{"line":427,"column":16464}},"147":{"start":{"line":430,"column":24},"end":{"line":430,"column":16661}},"148":{"start":{"line":433,"column":28},"end":{"line":433,"column":16860}},"149":{"start":{"line":434,"column":32},"end":{"line":434,"column":53}},"150":{"start":{"line":436,"column":28},"end":{"line":436,"column":17005}},"151":{"start":{"line":439,"column":32},"end":{"line":439,"column":75}},"152":{"start":{"line":442,"column":28},"end":{"line":442,"column":49}},"153":{"start":{"line":445,"column":24},"end":{"line":445,"column":17442}},"154":{"start":{"line":448,"column":28},"end":{"line":448,"column":17660}},"155":{"start":{"line":449,"column":32},"end":{"line":449,"column":53}},"156":{"start":{"line":451,"column":28},"end":{"line":451,"column":17804}},"157":{"start":{"line":452,"column":32},"end":{"line":452,"column":74}},"158":{"start":{"line":455,"column":28},"end":{"line":455,"column":49}},"159":{"start":{"line":459,"column":20},"end":{"line":459,"column":18136}},"160":{"start":{"line":460,"column":24},"end":{"line":460,"column":18209}},"161":{"start":{"line":463,"column":28},"end":{"line":463,"column":38}},"162":{"start":{"line":465,"column":24},"end":{"line":465,"column":66}},"163":{"start":{"line":469,"column":20},"end":{"line":469,"column":18574}},"164":{"start":{"line":470,"column":24},"end":{"line":470,"column":18647}},"165":{"start":{"line":473,"column":28},"end":{"line":473,"column":38}},"166":{"start":{"line":475,"column":24},"end":{"line":475,"column":67}},"167":{"start":{"line":479,"column":20},"end":{"line":479,"column":19017}},"168":{"start":{"line":480,"column":24},"end":{"line":480,"column":19067}},"169":{"start":{"line":481,"column":28},"end":{"line":481,"column":19132}},"170":{"start":{"line":482,"column":32},"end":{"line":482,"column":42}},"171":{"start":{"line":484,"column":28},"end":{"line":484,"column":71}},"172":{"start":{"line":488,"column":24},"end":{"line":488,"column":19397}},"173":{"start":{"line":489,"column":28},"end":{"line":489,"column":19462}},"174":{"start":{"line":490,"column":32},"end":{"line":490,"column":42}},"175":{"start":{"line":492,"column":28},"end":{"line":492,"column":70}},"176":{"start":{"line":502,"column":12},"end":{"line":502,"column":53}},"177":{"start":{"line":504,"column":12},"end":{"line":504,"column":19982}},"178":{"start":{"line":505,"column":16},"end":{"line":505,"column":75}},"179":{"start":{"line":507,"column":16},"end":{"line":507,"column":20096}},"180":{"start":{"line":509,"column":20},"end":{"line":509,"column":20212}},"181":{"start":{"line":513,"column":24},"end":{"line":513,"column":59}},"182":{"start":{"line":515,"column":20},"end":{"line":515,"column":54}},"183":{"start":{"line":518,"column":16},"end":{"line":518,"column":20622}},"184":{"start":{"line":520,"column":20},"end":{"line":520,"column":20739}},"185":{"start":{"line":524,"column":24},"end":{"line":524,"column":61}},"186":{"start":{"line":526,"column":20},"end":{"line":526,"column":53}},"187":{"start":{"line":529,"column":16},"end":{"line":529,"column":21149}},"188":{"start":{"line":530,"column":20},"end":{"line":530,"column":59}},"189":{"start":{"line":533,"column":16},"end":{"line":533,"column":21299}},"190":{"start":{"line":539,"column":16},"end":{"line":539,"column":60}},"191":{"start":{"line":544,"column":16},"end":{"line":544,"column":50}},"192":{"start":{"line":546,"column":16},"end":{"line":546,"column":95}},"193":{"start":{"line":550,"column":16},"end":{"line":550,"column":50}},"194":{"start":{"line":552,"column":16},"end":{"line":552,"column":99}},"195":{"start":{"line":556,"column":12},"end":{"line":556,"column":54}},"196":{"start":{"line":558,"column":12},"end":{"line":558,"column":22246}},"197":{"start":{"line":561,"column":16},"end":{"line":561,"column":21}},"198":{"start":{"line":566,"column":12},"end":{"line":566,"column":65}},"199":{"start":{"line":567,"column":12},"end":{"line":567,"column":47}},"200":{"start":{"line":570,"column":12},"end":{"line":570,"column":35}},"201":{"start":{"line":572,"column":12},"end":{"line":572,"column":22801}},"202":{"start":{"line":575,"column":16},"end":{"line":575,"column":69}},"203":{"start":{"line":579,"column":16},"end":{"line":579,"column":23213}},"204":{"start":{"line":580,"column":20},"end":{"line":580,"column":43}},"205":{"start":{"line":582,"column":16},"end":{"line":582,"column":23331}},"206":{"start":{"line":583,"column":20},"end":{"line":583,"column":44}},"207":{"start":{"line":588,"column":12},"end":{"line":588,"column":23459}},"208":{"start":{"line":591,"column":16},"end":{"line":591,"column":65}},"209":{"start":{"line":592,"column":16},"end":{"line":592,"column":48}},"210":{"start":{"line":593,"column":16},"end":{"line":593,"column":49}},"211":{"start":{"line":597,"column":12},"end":{"line":597,"column":43}},"212":{"start":{"line":598,"column":12},"end":{"line":598,"column":41}},"213":{"start":{"line":600,"column":12},"end":{"line":600,"column":23985}},"214":{"start":{"line":601,"column":16},"end":{"line":601,"column":38}},"215":{"start":{"line":605,"column":12},"end":{"line":605,"column":52}},"216":{"start":{"line":606,"column":12},"end":{"line":606,"column":47}},"217":{"start":{"line":610,"column":12},"end":{"line":610,"column":54}},"218":{"start":{"line":612,"column":12},"end":{"line":612,"column":24388}},"219":{"start":{"line":615,"column":16},"end":{"line":615,"column":21}},"220":{"start":{"line":620,"column":12},"end":{"line":620,"column":64}},"221":{"start":{"line":621,"column":12},"end":{"line":621,"column":47}},"222":{"start":{"line":624,"column":12},"end":{"line":624,"column":34}},"223":{"start":{"line":626,"column":12},"end":{"line":626,"column":24915}},"224":{"start":{"line":629,"column":16},"end":{"line":629,"column":69}},"225":{"start":{"line":631,"column":16},"end":{"line":631,"column":25160}},"226":{"start":{"line":632,"column":20},"end":{"line":632,"column":43}},"227":{"start":{"line":634,"column":16},"end":{"line":634,"column":25278}},"228":{"start":{"line":635,"column":20},"end":{"line":635,"column":44}},"229":{"start":{"line":639,"column":12},"end":{"line":639,"column":25405}},"230":{"start":{"line":640,"column":16},"end":{"line":640,"column":67}},"231":{"start":{"line":641,"column":16},"end":{"line":641,"column":48}},"232":{"start":{"line":642,"column":16},"end":{"line":642,"column":50}},"233":{"start":{"line":646,"column":12},"end":{"line":646,"column":43}},"234":{"start":{"line":647,"column":12},"end":{"line":647,"column":42}},"235":{"start":{"line":649,"column":12},"end":{"line":649,"column":25805}},"236":{"start":{"line":650,"column":16},"end":{"line":650,"column":38}},"237":{"start":{"line":654,"column":12},"end":{"line":654,"column":52}},"238":{"start":{"line":655,"column":12},"end":{"line":655,"column":47}}},"branchMap":{"1":{"line":26,"type":"if","locations":[{"start":{"line":26,"column":12},"end":{"line":26,"column":12}},{"start":{"line":26,"column":12},"end":{"line":26,"column":12}}]},"2":{"line":83,"type":"if","locations":[{"start":{"line":83,"column":12},"end":{"line":83,"column":12}},{"start":{"line":83,"column":12},"end":{"line":83,"column":12}}]},"3":{"line":90,"type":"if","locations":[{"start":{"line":90,"column":12},"end":{"line":90,"column":12}},{"start":{"line":90,"column":12},"end":{"line":90,"column":12}}]},"4":{"line":100,"type":"if","locations":[{"start":{"line":100,"column":12},"end":{"line":100,"column":12}},{"start":{"line":100,"column":12},"end":{"line":100,"column":12}}]},"5":{"line":108,"type":"if","locations":[{"start":{"line":108,"column":20},"end":{"line":108,"column":20}},{"start":{"line":108,"column":20},"end":{"line":108,"column":20}}]},"6":{"line":112,"type":"if","locations":[{"start":{"line":112,"column":20},"end":{"line":112,"column":20}},{"start":{"line":112,"column":20},"end":{"line":112,"column":20}}]},"7":{"line":130,"type":"if","locations":[{"start":{"line":130,"column":12},"end":{"line":130,"column":12}},{"start":{"line":130,"column":12},"end":{"line":130,"column":12}}]},"8":{"line":137,"type":"if","locations":[{"start":{"line":137,"column":12},"end":{"line":137,"column":12}},{"start":{"line":137,"column":12},"end":{"line":137,"column":12}}]},"9":{"line":147,"type":"if","locations":[{"start":{"line":147,"column":12},"end":{"line":147,"column":12}},{"start":{"line":147,"column":12},"end":{"line":147,"column":12}}]},"10":{"line":154,"type":"if","locations":[{"start":{"line":154,"column":20},"end":{"line":154,"column":20}},{"start":{"line":154,"column":20},"end":{"line":154,"column":20}}]},"11":{"line":158,"type":"if","locations":[{"start":{"line":158,"column":20},"end":{"line":158,"column":20}},{"start":{"line":158,"column":20},"end":{"line":158,"column":20}}]},"12":{"line":178,"type":"if","locations":[{"start":{"line":178,"column":16},"end":{"line":178,"column":16}},{"start":{"line":178,"column":16},"end":{"line":178,"column":16}}]},"13":{"line":182,"type":"if","locations":[{"start":{"line":182,"column":20},"end":{"line":182,"column":20}},{"start":{"line":182,"column":20},"end":{"line":182,"column":20}}]},"14":{"line":193,"type":"if","locations":[{"start":{"line":193,"column":16},"end":{"line":193,"column":16}},{"start":{"line":193,"column":16},"end":{"line":193,"column":16}}]},"15":{"line":200,"type":"if","locations":[{"start":{"line":200,"column":20},"end":{"line":200,"column":20}},{"start":{"line":200,"column":20},"end":{"line":200,"column":20}}]},"16":{"line":212,"type":"if","locations":[{"start":{"line":212,"column":20},"end":{"line":212,"column":20}},{"start":{"line":212,"column":20},"end":{"line":212,"column":20}}]},"17":{"line":213,"type":"if","locations":[{"start":{"line":213,"column":24},"end":{"line":213,"column":24}},{"start":{"line":213,"column":24},"end":{"line":213,"column":24}}]},"18":{"line":221,"type":"if","locations":[{"start":{"line":221,"column":20},"end":{"line":221,"column":20}},{"start":{"line":221,"column":20},"end":{"line":221,"column":20}}]},"19":{"line":249,"type":"if","locations":[{"start":{"line":249,"column":12},"end":{"line":249,"column":12}},{"start":{"line":249,"column":12},"end":{"line":249,"column":12}}]},"20":{"line":254,"type":"if","locations":[{"start":{"line":254,"column":12},"end":{"line":254,"column":12}},{"start":{"line":254,"column":12},"end":{"line":254,"column":12}}]},"21":{"line":257,"type":"if","locations":[{"start":{"line":257,"column":16},"end":{"line":257,"column":16}},{"start":{"line":257,"column":16},"end":{"line":257,"column":16}}]},"22":{"line":276,"type":"if","locations":[{"start":{"line":276,"column":16},"end":{"line":276,"column":16}},{"start":{"line":276,"column":16},"end":{"line":276,"column":16}}]},"23":{"line":278,"type":"if","locations":[{"start":{"line":278,"column":20},"end":{"line":278,"column":20}},{"start":{"line":278,"column":20},"end":{"line":278,"column":20}}]},"24":{"line":283,"type":"if","locations":[{"start":{"line":283,"column":16},"end":{"line":283,"column":16}},{"start":{"line":283,"column":16},"end":{"line":283,"column":16}}]},"25":{"line":285,"type":"if","locations":[{"start":{"line":285,"column":20},"end":{"line":285,"column":20}},{"start":{"line":285,"column":20},"end":{"line":285,"column":20}}]},"26":{"line":295,"type":"if","locations":[{"start":{"line":295,"column":16},"end":{"line":295,"column":16}},{"start":{"line":295,"column":16},"end":{"line":295,"column":16}}]},"27":{"line":297,"type":"if","locations":[{"start":{"line":297,"column":20},"end":{"line":297,"column":20}},{"start":{"line":297,"column":20},"end":{"line":297,"column":20}}]},"28":{"line":300,"type":"if","locations":[{"start":{"line":300,"column":20},"end":{"line":300,"column":20}},{"start":{"line":300,"column":20},"end":{"line":300,"column":20}}]},"29":{"line":311,"type":"if","locations":[{"start":{"line":311,"column":16},"end":{"line":311,"column":16}},{"start":{"line":311,"column":16},"end":{"line":311,"column":16}}]},"30":{"line":317,"type":"if","locations":[{"start":{"line":317,"column":16},"end":{"line":317,"column":16}},{"start":{"line":317,"column":16},"end":{"line":317,"column":16}}]},"31":{"line":322,"type":"if","locations":[{"start":{"line":322,"column":17},"end":{"line":322,"column":17}},{"start":{"line":322,"column":17},"end":{"line":322,"column":17}}]},"32":{"line":327,"type":"if","locations":[{"start":{"line":327,"column":16},"end":{"line":327,"column":16}},{"start":{"line":327,"column":16},"end":{"line":327,"column":16}}]},"33":{"line":330,"type":"if","locations":[{"start":{"line":330,"column":16},"end":{"line":330,"column":16}},{"start":{"line":330,"column":16},"end":{"line":330,"column":16}}]},"34":{"line":352,"type":"if","locations":[{"start":{"line":352,"column":12},"end":{"line":352,"column":12}},{"start":{"line":352,"column":12},"end":{"line":352,"column":12}}]},"35":{"line":364,"type":"if","locations":[{"start":{"line":364,"column":12},"end":{"line":364,"column":12}},{"start":{"line":364,"column":12},"end":{"line":364,"column":12}}]},"36":{"line":367,"type":"if","locations":[{"start":{"line":367,"column":12},"end":{"line":367,"column":12}},{"start":{"line":367,"column":12},"end":{"line":367,"column":12}}]},"37":{"line":370,"type":"if","locations":[{"start":{"line":370,"column":12},"end":{"line":370,"column":12}},{"start":{"line":370,"column":12},"end":{"line":370,"column":12}}]},"38":{"line":373,"type":"if","locations":[{"start":{"line":373,"column":12},"end":{"line":373,"column":12}},{"start":{"line":373,"column":12},"end":{"line":373,"column":12}}]},"39":{"line":376,"type":"if","locations":[{"start":{"line":376,"column":12},"end":{"line":376,"column":12}},{"start":{"line":376,"column":12},"end":{"line":376,"column":12}}]},"40":{"line":388,"type":"if","locations":[{"start":{"line":388,"column":20},"end":{"line":388,"column":20}},{"start":{"line":388,"column":20},"end":{"line":388,"column":20}}]},"41":{"line":399,"type":"if","locations":[{"start":{"line":399,"column":20},"end":{"line":399,"column":20}},{"start":{"line":399,"column":20},"end":{"line":399,"column":20}}]},"42":{"line":419,"type":"if","locations":[{"start":{"line":419,"column":16},"end":{"line":419,"column":16}},{"start":{"line":419,"column":16},"end":{"line":419,"column":16}}]},"43":{"line":427,"type":"if","locations":[{"start":{"line":427,"column":20},"end":{"line":427,"column":20}},{"start":{"line":427,"column":20},"end":{"line":427,"column":20}}]},"44":{"line":430,"type":"if","locations":[{"start":{"line":430,"column":24},"end":{"line":430,"column":24}},{"start":{"line":430,"column":24},"end":{"line":430,"column":24}}]},"45":{"line":433,"type":"if","locations":[{"start":{"line":433,"column":28},"end":{"line":433,"column":28}},{"start":{"line":433,"column":28},"end":{"line":433,"column":28}}]},"46":{"line":436,"type":"if","locations":[{"start":{"line":436,"column":28},"end":{"line":436,"column":28}},{"start":{"line":436,"column":28},"end":{"line":436,"column":28}}]},"47":{"line":445,"type":"if","locations":[{"start":{"line":445,"column":24},"end":{"line":445,"column":24}},{"start":{"line":445,"column":24},"end":{"line":445,"column":24}}]},"48":{"line":448,"type":"if","locations":[{"start":{"line":448,"column":28},"end":{"line":448,"column":28}},{"start":{"line":448,"column":28},"end":{"line":448,"column":28}}]},"49":{"line":451,"type":"if","locations":[{"start":{"line":451,"column":28},"end":{"line":451,"column":28}},{"start":{"line":451,"column":28},"end":{"line":451,"column":28}}]},"50":{"line":459,"type":"if","locations":[{"start":{"line":459,"column":20},"end":{"line":459,"column":20}},{"start":{"line":459,"column":20},"end":{"line":459,"column":20}}]},"51":{"line":460,"type":"if","locations":[{"start":{"line":460,"column":24},"end":{"line":460,"column":24}},{"start":{"line":460,"column":24},"end":{"line":460,"column":24}}]},"52":{"line":469,"type":"if","locations":[{"start":{"line":469,"column":20},"end":{"line":469,"column":20}},{"start":{"line":469,"column":20},"end":{"line":469,"column":20}}]},"53":{"line":470,"type":"if","locations":[{"start":{"line":470,"column":24},"end":{"line":470,"column":24}},{"start":{"line":470,"column":24},"end":{"line":470,"column":24}}]},"54":{"line":479,"type":"if","locations":[{"start":{"line":479,"column":20},"end":{"line":479,"column":20}},{"start":{"line":479,"column":20},"end":{"line":479,"column":20}}]},"55":{"line":480,"type":"if","locations":[{"start":{"line":480,"column":24},"end":{"line":480,"column":24}},{"start":{"line":480,"column":24},"end":{"line":480,"column":24}}]},"56":{"line":481,"type":"if","locations":[{"start":{"line":481,"column":28},"end":{"line":481,"column":28}},{"start":{"line":481,"column":28},"end":{"line":481,"column":28}}]},"57":{"line":488,"type":"if","locations":[{"start":{"line":488,"column":24},"end":{"line":488,"column":24}},{"start":{"line":488,"column":24},"end":{"line":488,"column":24}}]},"58":{"line":489,"type":"if","locations":[{"start":{"line":489,"column":28},"end":{"line":489,"column":28}},{"start":{"line":489,"column":28},"end":{"line":489,"column":28}}]},"59":{"line":507,"type":"if","locations":[{"start":{"line":507,"column":16},"end":{"line":507,"column":16}},{"start":{"line":507,"column":16},"end":{"line":507,"column":16}}]},"60":{"line":509,"type":"if","locations":[{"start":{"line":509,"column":20},"end":{"line":509,"column":20}},{"start":{"line":509,"column":20},"end":{"line":509,"column":20}}]},"61":{"line":518,"type":"if","locations":[{"start":{"line":518,"column":16},"end":{"line":518,"column":16}},{"start":{"line":518,"column":16},"end":{"line":518,"column":16}}]},"62":{"line":520,"type":"if","locations":[{"start":{"line":520,"column":20},"end":{"line":520,"column":20}},{"start":{"line":520,"column":20},"end":{"line":520,"column":20}}]},"63":{"line":529,"type":"if","locations":[{"start":{"line":529,"column":16},"end":{"line":529,"column":16}},{"start":{"line":529,"column":16},"end":{"line":529,"column":16}}]},"64":{"line":533,"type":"if","locations":[{"start":{"line":533,"column":16},"end":{"line":533,"column":16}},{"start":{"line":533,"column":16},"end":{"line":533,"column":16}}]},"65":{"line":558,"type":"if","locations":[{"start":{"line":558,"column":12},"end":{"line":558,"column":12}},{"start":{"line":558,"column":12},"end":{"line":558,"column":12}}]},"66":{"line":572,"type":"if","locations":[{"start":{"line":572,"column":12},"end":{"line":572,"column":12}},{"start":{"line":572,"column":12},"end":{"line":572,"column":12}}]},"67":{"line":579,"type":"if","locations":[{"start":{"line":579,"column":16},"end":{"line":579,"column":16}},{"start":{"line":579,"column":16},"end":{"line":579,"column":16}}]},"68":{"line":582,"type":"if","locations":[{"start":{"line":582,"column":16},"end":{"line":582,"column":16}},{"start":{"line":582,"column":16},"end":{"line":582,"column":16}}]},"69":{"line":588,"type":"if","locations":[{"start":{"line":588,"column":12},"end":{"line":588,"column":12}},{"start":{"line":588,"column":12},"end":{"line":588,"column":12}}]},"70":{"line":600,"type":"if","locations":[{"start":{"line":600,"column":12},"end":{"line":600,"column":12}},{"start":{"line":600,"column":12},"end":{"line":600,"column":12}}]},"71":{"line":612,"type":"if","locations":[{"start":{"line":612,"column":12},"end":{"line":612,"column":12}},{"start":{"line":612,"column":12},"end":{"line":612,"column":12}}]},"72":{"line":626,"type":"if","locations":[{"start":{"line":626,"column":12},"end":{"line":626,"column":12}},{"start":{"line":626,"column":12},"end":{"line":626,"column":12}}]},"73":{"line":631,"type":"if","locations":[{"start":{"line":631,"column":16},"end":{"line":631,"column":16}},{"start":{"line":631,"column":16},"end":{"line":631,"column":16}}]},"74":{"line":634,"type":"if","locations":[{"start":{"line":634,"column":16},"end":{"line":634,"column":16}},{"start":{"line":634,"column":16},"end":{"line":634,"column":16}}]},"75":{"line":639,"type":"if","locations":[{"start":{"line":639,"column":12},"end":{"line":639,"column":12}},{"start":{"line":639,"column":12},"end":{"line":639,"column":12}}]},"76":{"line":649,"type":"if","locations":[{"start":{"line":649,"column":12},"end":{"line":649,"column":12}},{"start":{"line":649,"column":12},"end":{"line":649,"column":12}}]}}},"contracts/Library/MathLib.sol":{"l":{"46":0,"47":0,"49":0,"57":0,"58":0,"60":0,"70":15,"71":15},"path":"/home/logan/Work/ethereum-alarm-clock/contracts/Library/MathLib.sol","s":{"1":0,"2":0,"3":0,"4":0,"5":0,"6":0,"7":15,"8":15},"b":{"1":[0,0],"2":[0,0],"3":[15,0]},"f":{"1":0,"2":0,"3":15},"fnMap":{"1":{"name":"max","line":45,"loc":{"start":{"line":45,"column":4},"end":{"line":45,"column":45}}},"2":{"name":"min","line":56,"loc":{"start":{"line":56,"column":4},"end":{"line":56,"column":45}}},"3":{"name":"safeCastSigned","line":69,"loc":{"start":{"line":69,"column":4},"end":{"line":69,"column":47}}}},"statementMap":{"1":{"start":{"line":46,"column":8},"end":{"line":46,"column":1276}},"2":{"start":{"line":47,"column":12},"end":{"line":47,"column":20}},"3":{"start":{"line":49,"column":12},"end":{"line":49,"column":20}},"4":{"start":{"line":57,"column":8},"end":{"line":57,"column":1499}},"5":{"start":{"line":58,"column":12},"end":{"line":58,"column":20}},"6":{"start":{"line":60,"column":12},"end":{"line":60,"column":20}},"7":{"start":{"line":70,"column":8},"end":{"line":70,"column":27}},"8":{"start":{"line":71,"column":8},"end":{"line":71,"column":21}}},"branchMap":{"1":{"line":46,"type":"if","locations":[{"start":{"line":46,"column":8},"end":{"line":46,"column":8}},{"start":{"line":46,"column":8},"end":{"line":46,"column":8}}]},"2":{"line":57,"type":"if","locations":[{"start":{"line":57,"column":8},"end":{"line":57,"column":8}},{"start":{"line":57,"column":8},"end":{"line":57,"column":8}}]},"3":{"line":70,"type":"if","locations":[{"start":{"line":70,"column":8},"end":{"line":70,"column":8}},{"start":{"line":70,"column":8},"end":{"line":70,"column":8}}]}}},"contracts/Library/PaymentLib.sol":{"l":{"43":0,"64":0,"65":0,"67":0,"79":0,"80":0,"82":0,"92":0,"103":0,"112":0,"113":0,"115":0,"116":0,"119":0,"128":0,"129":0,"131":0,"135":0,"150":0,"151":0,"165":0,"186":0,"187":0},"path":"/home/logan/Work/ethereum-alarm-clock/contracts/Library/PaymentLib.sol","s":{"1":0,"2":0,"3":0,"4":0,"5":0,"6":0,"7":0,"8":0,"9":0,"10":0,"11":0,"12":0,"13":0,"14":0,"15":0,"16":0,"17":0,"18":0,"19":0,"20":0,"21":0,"22":0},"b":{"1":[0,0],"2":[0,0],"3":[0,0],"4":[0,0]},"f":{"1":0,"2":0,"3":0,"4":0,"5":0,"6":0,"7":0,"8":0,"9":0,"10":0},"fnMap":{"1":{"name":"hasBenefactor","line":40,"loc":{"start":{"line":40,"column":4},"end":{"line":42,"column":5}}},"2":{"name":"getMultiplier","line":61,"loc":{"start":{"line":61,"column":4},"end":{"line":63,"column":5}}},"3":{"name":"getDonation","line":76,"loc":{"start":{"line":76,"column":4},"end":{"line":78,"column":5}}},"4":{"name":"getPayment","line":89,"loc":{"start":{"line":89,"column":4},"end":{"line":91,"column":5}}},"5":{"name":"getPaymentWithModifier","line":99,"loc":{"start":{"line":99,"column":4},"end":{"line":102,"column":5}}},"6":{"name":"sendDonation","line":109,"loc":{"start":{"line":109,"column":4},"end":{"line":111,"column":5}}},"7":{"name":"sendPayment","line":125,"loc":{"start":{"line":125,"column":4},"end":{"line":127,"column":5}}},"8":{"name":"computeEndowment","line":143,"loc":{"start":{"line":143,"column":4},"end":{"line":149,"column":5}}},"9":{"name":"_computeHelper","line":159,"loc":{"start":{"line":159,"column":4},"end":{"line":164,"column":5}}},"10":{"name":"validateEndowment","line":177,"loc":{"start":{"line":177,"column":4},"end":{"line":184,"column":5}}}},"statementMap":{"1":{"start":{"line":43,"column":8},"end":{"line":43,"column":45}},"2":{"start":{"line":64,"column":8},"end":{"line":64,"column":2016}},"3":{"start":{"line":65,"column":12},"end":{"line":65,"column":64}},"4":{"start":{"line":67,"column":12},"end":{"line":67,"column":2167}},"5":{"start":{"line":79,"column":8},"end":{"line":79,"column":2501}},"6":{"start":{"line":80,"column":12},"end":{"line":80,"column":20}},"7":{"start":{"line":82,"column":12},"end":{"line":82,"column":66}},"8":{"start":{"line":92,"column":8},"end":{"line":92,"column":61}},"9":{"start":{"line":103,"column":8},"end":{"line":103,"column":61}},"10":{"start":{"line":112,"column":8},"end":{"line":112,"column":46}},"11":{"start":{"line":113,"column":8},"end":{"line":113,"column":3526}},"12":{"start":{"line":115,"column":12},"end":{"line":115,"column":32}},"13":{"start":{"line":119,"column":8},"end":{"line":119,"column":19}},"14":{"start":{"line":128,"column":8},"end":{"line":128,"column":44}},"15":{"start":{"line":129,"column":8},"end":{"line":129,"column":4054}},"16":{"start":{"line":131,"column":12},"end":{"line":131,"column":31}},"17":{"start":{"line":135,"column":8},"end":{"line":135,"column":19}},"18":{"start":{"line":150,"column":8},"end":{"line":150,"column":34}},"19":{"start":{"line":151,"column":8},"end":{"line":151,"column":4875}},"20":{"start":{"line":165,"column":8},"end":{"line":165,"column":5466}},"21":{"start":{"line":186,"column":8},"end":{"line":186,"column":21}},"22":{"start":{"line":187,"column":8},"end":{"line":187,"column":6234}}},"branchMap":{"1":{"line":64,"type":"if","locations":[{"start":{"line":64,"column":8},"end":{"line":64,"column":8}},{"start":{"line":64,"column":8},"end":{"line":64,"column":8}}]},"2":{"line":79,"type":"if","locations":[{"start":{"line":79,"column":8},"end":{"line":79,"column":8}},{"start":{"line":79,"column":8},"end":{"line":79,"column":8}}]},"3":{"line":113,"type":"if","locations":[{"start":{"line":113,"column":8},"end":{"line":113,"column":8}},{"start":{"line":113,"column":8},"end":{"line":113,"column":8}}]},"4":{"line":129,"type":"if","locations":[{"start":{"line":129,"column":8},"end":{"line":129,"column":8}},{"start":{"line":129,"column":8},"end":{"line":129,"column":8}}]}}},"contracts/Library/RequestLib.sol":{"l":{"69":0,"72":0,"75":0,"76":0,"77":0,"78":0,"79":0,"80":0,"83":0,"84":0,"85":0,"88":0,"89":0,"90":0,"91":0,"92":0,"93":0,"94":0,"95":0,"96":0,"98":0,"99":0,"100":0,"101":0,"102":0,"105":0,"109":0,"115":0,"117":0,"118":0,"121":0,"123":0,"125":0,"126":0,"140":1,"149":1,"151":1,"168":1,"172":1,"174":1,"193":0,"194":0,"195":0,"196":0,"197":0,"198":0,"201":0,"202":0,"203":0,"206":0,"207":0,"208":0,"209":0,"210":0,"211":0,"212":0,"213":0,"214":0,"215":0,"216":0,"217":0,"218":0,"219":0,"222":0,"224":0,"241":1,"244":1,"245":1,"246":1,"247":1,"248":1,"249":1,"252":1,"253":1,"254":1,"257":1,"258":1,"259":1,"260":1,"261":1,"262":1,"263":1,"264":1,"265":1,"266":1,"267":1,"268":1,"269":1,"270":1,"273":1,"275":1,"323":0,"329":0,"330":0,"331":0,"333":0,"334":0,"336":0,"337":0,"339":0,"340":0,"342":0,"343":0,"347":0,"348":0,"351":0,"360":0,"363":0,"365":0,"374":0,"375":0,"379":0,"382":0,"385":0,"387":0,"390":0,"391":0,"392":0,"395":0,"396":0,"399":0,"402":0,"405":0,"412":0,"415":0,"418":0,"426":0,"429":0,"435":0,"448":0,"454":0,"462":0,"474":0,"487":0,"502":0,"503":0,"505":0,"507":0,"509":0,"522":0,"534":0,"535":0,"536":0,"538":0,"541":0,"544":0,"549":0,"554":0,"555":0,"558":0,"560":0,"563":0,"566":0,"570":0,"573":0,"583":0,"584":0,"587":0,"589":0,"598":0,"600":0,"601":0,"602":0,"611":0,"612":0,"621":0,"622":0,"624":0,"633":0,"634":0,"636":0,"642":0,"643":0,"647":0,"648":0,"649":0,"651":0},"path":"/home/logan/Work/ethereum-alarm-clock/contracts/Library/RequestLib.sol","s":{"1":0,"2":0,"3":0,"4":0,"5":0,"6":0,"7":0,"8":0,"9":0,"10":0,"11":0,"12":0,"13":0,"14":0,"15":0,"16":0,"17":0,"18":0,"19":0,"20":0,"21":0,"22":0,"23":0,"24":0,"25":0,"26":0,"27":0,"28":0,"29":0,"30":0,"31":0,"32":0,"33":0,"34":1,"35":1,"36":1,"37":1,"38":1,"39":1,"40":0,"41":0,"42":0,"43":0,"44":0,"45":0,"46":0,"47":0,"48":0,"49":0,"50":0,"51":0,"52":0,"53":0,"54":0,"55":0,"56":0,"57":0,"58":0,"59":0,"60":0,"61":0,"62":0,"63":0,"64":0,"65":1,"66":1,"67":1,"68":1,"69":1,"70":1,"71":1,"72":1,"73":1,"74":1,"75":1,"76":1,"77":1,"78":1,"79":1,"80":1,"81":1,"82":1,"83":1,"84":1,"85":1,"86":1,"87":1,"88":1,"89":1,"90":1,"91":0,"92":0,"93":0,"94":0,"95":0,"96":0,"97":0,"98":0,"99":0,"100":0,"101":0,"102":0,"103":0,"104":0,"105":0,"106":0,"107":0,"108":0,"109":0,"110":0,"111":0,"112":0,"113":0,"114":0,"115":0,"116":0,"117":0,"118":0,"119":0,"120":0,"121":0,"122":0,"123":0,"124":0,"125":0,"126":0,"127":0,"128":0,"129":0,"130":0,"131":0,"132":0,"133":0,"134":0,"135":0,"136":0,"137":0,"138":0,"139":0,"140":0,"141":0,"142":0,"143":0,"144":0,"145":0,"146":0,"147":0,"148":0,"149":0,"150":0,"151":0,"152":0,"153":0,"154":0,"155":0,"156":0,"157":0,"158":0,"159":0,"160":0,"161":0,"162":0,"163":0,"164":0,"165":0,"166":0,"167":0,"168":0,"169":0,"170":0,"171":0,"172":0,"173":0,"174":0,"175":0,"176":0,"177":0},"b":{"1":[0,0],"2":[0,0],"3":[0,0],"4":[0,0],"5":[0,0],"6":[0,0],"7":[0,0],"8":[0,0],"9":[0,0],"10":[0,0],"11":[0,0],"12":[0,0],"13":[0,0],"14":[0,0],"15":[0,0],"16":[0,0],"17":[0,0],"18":[0,0],"19":[0,0],"20":[0,0],"21":[0,0],"22":[0,0],"23":[0,0],"24":[0,0]},"f":{"1":0,"2":1,"3":0,"4":1,"5":0,"6":0,"7":0,"8":0,"9":0,"10":0,"11":0,"12":0,"13":0,"14":0,"15":0,"16":0,"17":0,"18":0},"fnMap":{"1":{"name":"validate","line":63,"loc":{"start":{"line":63,"column":4},"end":{"line":68,"column":5}}},"2":{"name":"initialize","line":134,"loc":{"start":{"line":134,"column":4},"end":{"line":139,"column":5}}},"3":{"name":"serialize","line":189,"loc":{"start":{"line":189,"column":4},"end":{"line":191,"column":5}}},"4":{"name":"deserialize","line":232,"loc":{"start":{"line":232,"column":4},"end":{"line":239,"column":5}}},"5":{"name":"execute","line":278,"loc":{"start":{"line":278,"column":4},"end":{"line":280,"column":5}}},"6":{"name":"PRE_EXECUTION_GAS","line":445,"loc":{"start":{"line":445,"column":4},"end":{"line":447,"column":5}}},"7":{"name":"requiredExecutionGas","line":451,"loc":{"start":{"line":451,"column":4},"end":{"line":453,"column":5}}},"8":{"name":"EXECUTION_GAS_OVERHEAD","line":471,"loc":{"start":{"line":471,"column":4},"end":{"line":473,"column":5}}},"9":{"name":"EXECUTE_EXTRA_GAS","line":484,"loc":{"start":{"line":484,"column":4},"end":{"line":486,"column":5}}},"10":{"name":"isCancellable","line":499,"loc":{"start":{"line":499,"column":4},"end":{"line":501,"column":5}}},"11":{"name":"CANCEL_EXTRA_GAS","line":519,"loc":{"start":{"line":519,"column":4},"end":{"line":521,"column":5}}},"12":{"name":"cancel","line":531,"loc":{"start":{"line":531,"column":4},"end":{"line":533,"column":5}}},"13":{"name":"isClaimable","line":579,"loc":{"start":{"line":579,"column":4},"end":{"line":581,"column":5}}},"14":{"name":"claim","line":595,"loc":{"start":{"line":595,"column":4},"end":{"line":597,"column":5}}},"15":{"name":"refundClaimDeposit","line":608,"loc":{"start":{"line":608,"column":4},"end":{"line":610,"column":5}}},"16":{"name":"sendDonation","line":618,"loc":{"start":{"line":618,"column":4},"end":{"line":620,"column":5}}},"17":{"name":"sendPayment","line":630,"loc":{"start":{"line":630,"column":4},"end":{"line":632,"column":5}}},"18":{"name":"sendOwnerEther","line":639,"loc":{"start":{"line":639,"column":4},"end":{"line":641,"column":5}}}},"statementMap":{"1":{"start":{"line":72,"column":8},"end":{"line":72,"column":42}},"2":{"start":{"line":75,"column":8},"end":{"line":75,"column":40}},"3":{"start":{"line":76,"column":8},"end":{"line":76,"column":46}},"4":{"start":{"line":77,"column":8},"end":{"line":77,"column":42}},"5":{"start":{"line":78,"column":8},"end":{"line":78,"column":62}},"6":{"start":{"line":79,"column":8},"end":{"line":79,"column":51}},"7":{"start":{"line":80,"column":8},"end":{"line":80,"column":49}},"8":{"start":{"line":83,"column":8},"end":{"line":83,"column":39}},"9":{"start":{"line":84,"column":8},"end":{"line":84,"column":37}},"10":{"start":{"line":85,"column":8},"end":{"line":85,"column":41}},"11":{"start":{"line":88,"column":8},"end":{"line":88,"column":41}},"12":{"start":{"line":89,"column":8},"end":{"line":89,"column":55}},"13":{"start":{"line":90,"column":8},"end":{"line":90,"column":49}},"14":{"start":{"line":91,"column":8},"end":{"line":91,"column":48}},"15":{"start":{"line":92,"column":8},"end":{"line":92,"column":43}},"16":{"start":{"line":93,"column":8},"end":{"line":93,"column":42}},"17":{"start":{"line":94,"column":8},"end":{"line":94,"column":53}},"18":{"start":{"line":95,"column":8},"end":{"line":95,"column":50}},"19":{"start":{"line":96,"column":8},"end":{"line":96,"column":56}},"20":{"start":{"line":98,"column":8},"end":{"line":98,"column":99}},"21":{"start":{"line":99,"column":8},"end":{"line":99,"column":48}},"22":{"start":{"line":100,"column":8},"end":{"line":100,"column":49}},"23":{"start":{"line":101,"column":8},"end":{"line":101,"column":44}},"24":{"start":{"line":102,"column":8},"end":{"line":102,"column":46}},"25":{"start":{"line":105,"column":8},"end":{"line":105,"column":44}},"26":{"start":{"line":109,"column":8},"end":{"line":109,"column":4028}},"27":{"start":{"line":115,"column":8},"end":{"line":115,"column":4503}},"28":{"start":{"line":117,"column":8},"end":{"line":117,"column":73}},"29":{"start":{"line":118,"column":8},"end":{"line":118,"column":4776}},"30":{"start":{"line":121,"column":8},"end":{"line":121,"column":5037}},"31":{"start":{"line":123,"column":8},"end":{"line":123,"column":78}},"32":{"start":{"line":125,"column":8},"end":{"line":125,"column":28}},"33":{"start":{"line":126,"column":8},"end":{"line":126,"column":23}},"34":{"start":{"line":140,"column":8},"end":{"line":140,"column":5576}},"35":{"start":{"line":149,"column":8},"end":{"line":149,"column":56}},"36":{"start":{"line":151,"column":8},"end":{"line":151,"column":6039}},"37":{"start":{"line":168,"column":8},"end":{"line":168,"column":6919}},"38":{"start":{"line":172,"column":8},"end":{"line":172,"column":86}},"39":{"start":{"line":174,"column":8},"end":{"line":174,"column":19}},"40":{"start":{"line":193,"column":8},"end":{"line":193,"column":72}},"41":{"start":{"line":194,"column":8},"end":{"line":194,"column":67}},"42":{"start":{"line":195,"column":8},"end":{"line":195,"column":63}},"43":{"start":{"line":196,"column":8},"end":{"line":196,"column":83}},"44":{"start":{"line":197,"column":8},"end":{"line":197,"column":82}},"45":{"start":{"line":198,"column":8},"end":{"line":198,"column":70}},"46":{"start":{"line":201,"column":8},"end":{"line":201,"column":66}},"47":{"start":{"line":202,"column":8},"end":{"line":202,"column":64}},"48":{"start":{"line":203,"column":8},"end":{"line":203,"column":68}},"49":{"start":{"line":206,"column":8},"end":{"line":206,"column":72}},"50":{"start":{"line":207,"column":8},"end":{"line":207,"column":76}},"51":{"start":{"line":208,"column":8},"end":{"line":208,"column":70}},"52":{"start":{"line":209,"column":8},"end":{"line":209,"column":74}},"53":{"start":{"line":210,"column":8},"end":{"line":210,"column":69}},"54":{"start":{"line":211,"column":8},"end":{"line":211,"column":73}},"55":{"start":{"line":212,"column":8},"end":{"line":212,"column":74}},"56":{"start":{"line":213,"column":8},"end":{"line":213,"column":71}},"57":{"start":{"line":214,"column":8},"end":{"line":214,"column":77}},"58":{"start":{"line":215,"column":8},"end":{"line":215,"column":77}},"59":{"start":{"line":216,"column":8},"end":{"line":216,"column":70}},"60":{"start":{"line":217,"column":8},"end":{"line":217,"column":71}},"61":{"start":{"line":218,"column":8},"end":{"line":218,"column":66}},"62":{"start":{"line":219,"column":8},"end":{"line":219,"column":68}},"63":{"start":{"line":222,"column":8},"end":{"line":222,"column":76}},"64":{"start":{"line":224,"column":8},"end":{"line":224,"column":19}},"65":{"start":{"line":241,"column":8},"end":{"line":241,"column":39}},"66":{"start":{"line":244,"column":8},"end":{"line":244,"column":50}},"67":{"start":{"line":245,"column":8},"end":{"line":245,"column":45}},"68":{"start":{"line":246,"column":8},"end":{"line":246,"column":41}},"69":{"start":{"line":247,"column":8},"end":{"line":247,"column":61}},"70":{"start":{"line":248,"column":8},"end":{"line":248,"column":60}},"71":{"start":{"line":249,"column":8},"end":{"line":249,"column":48}},"72":{"start":{"line":252,"column":8},"end":{"line":252,"column":44}},"73":{"start":{"line":253,"column":8},"end":{"line":253,"column":42}},"74":{"start":{"line":254,"column":8},"end":{"line":254,"column":46}},"75":{"start":{"line":257,"column":8},"end":{"line":257,"column":50}},"76":{"start":{"line":258,"column":8},"end":{"line":258,"column":54}},"77":{"start":{"line":259,"column":8},"end":{"line":259,"column":48}},"78":{"start":{"line":260,"column":8},"end":{"line":260,"column":52}},"79":{"start":{"line":261,"column":8},"end":{"line":261,"column":47}},"80":{"start":{"line":262,"column":8},"end":{"line":262,"column":51}},"81":{"start":{"line":263,"column":8},"end":{"line":263,"column":52}},"82":{"start":{"line":264,"column":8},"end":{"line":264,"column":49}},"83":{"start":{"line":265,"column":8},"end":{"line":265,"column":55}},"84":{"start":{"line":266,"column":8},"end":{"line":266,"column":82}},"85":{"start":{"line":267,"column":8},"end":{"line":267,"column":48}},"86":{"start":{"line":268,"column":8},"end":{"line":268,"column":49}},"87":{"start":{"line":269,"column":8},"end":{"line":269,"column":44}},"88":{"start":{"line":270,"column":8},"end":{"line":270,"column":46}},"89":{"start":{"line":273,"column":8},"end":{"line":273,"column":54}},"90":{"start":{"line":275,"column":8},"end":{"line":275,"column":19}},"91":{"start":{"line":323,"column":8},"end":{"line":323,"column":30}},"92":{"start":{"line":329,"column":8},"end":{"line":329,"column":13512}},"93":{"start":{"line":330,"column":12},"end":{"line":330,"column":54}},"94":{"start":{"line":331,"column":12},"end":{"line":331,"column":24}},"95":{"start":{"line":332,"column":15},"end":{"line":332,"column":13678}},"96":{"start":{"line":333,"column":12},"end":{"line":333,"column":52}},"97":{"start":{"line":334,"column":12},"end":{"line":334,"column":24}},"98":{"start":{"line":335,"column":15},"end":{"line":335,"column":13801}},"99":{"start":{"line":336,"column":12},"end":{"line":336,"column":51}},"100":{"start":{"line":337,"column":12},"end":{"line":337,"column":24}},"101":{"start":{"line":338,"column":15},"end":{"line":338,"column":13925}},"102":{"start":{"line":339,"column":12},"end":{"line":339,"column":55}},"103":{"start":{"line":340,"column":12},"end":{"line":340,"column":24}},"104":{"start":{"line":341,"column":15},"end":{"line":341,"column":14062}},"105":{"start":{"line":342,"column":12},"end":{"line":342,"column":54}},"106":{"start":{"line":343,"column":12},"end":{"line":343,"column":24}},"107":{"start":{"line":344,"column":15},"end":{"line":344,"column":14197}},"108":{"start":{"line":347,"column":12},"end":{"line":347,"column":57}},"109":{"start":{"line":348,"column":12},"end":{"line":348,"column":24}},"110":{"start":{"line":351,"column":8},"end":{"line":351,"column":26}},"111":{"start":{"line":360,"column":8},"end":{"line":360,"column":33}},"112":{"start":{"line":363,"column":8},"end":{"line":363,"column":63}},"113":{"start":{"line":365,"column":8},"end":{"line":365,"column":34}},"114":{"start":{"line":374,"column":8},"end":{"line":374,"column":15165}},"115":{"start":{"line":375,"column":12},"end":{"line":375,"column":15303}},"116":{"start":{"line":379,"column":8},"end":{"line":379,"column":46}},"117":{"start":{"line":382,"column":8},"end":{"line":382,"column":64}},"118":{"start":{"line":387,"column":8},"end":{"line":387,"column":32}},"119":{"start":{"line":390,"column":8},"end":{"line":390,"column":54}},"120":{"start":{"line":391,"column":8},"end":{"line":391,"column":15799}},"121":{"start":{"line":392,"column":12},"end":{"line":392,"column":103}},"122":{"start":{"line":395,"column":12},"end":{"line":395,"column":42}},"123":{"start":{"line":396,"column":12},"end":{"line":396,"column":16201}},"124":{"start":{"line":399,"column":12},"end":{"line":399,"column":16428}},"125":{"start":{"line":402,"column":8},"end":{"line":402,"column":32}},"126":{"start":{"line":405,"column":8},"end":{"line":405,"column":82}},"127":{"start":{"line":412,"column":8},"end":{"line":412,"column":17102}},"128":{"start":{"line":415,"column":8},"end":{"line":415,"column":32}},"129":{"start":{"line":418,"column":8},"end":{"line":418,"column":17373}},"130":{"start":{"line":426,"column":8},"end":{"line":426,"column":20}},"131":{"start":{"line":429,"column":8},"end":{"line":429,"column":27}},"132":{"start":{"line":435,"column":8},"end":{"line":435,"column":19}},"133":{"start":{"line":448,"column":8},"end":{"line":448,"column":33}},"134":{"start":{"line":454,"column":8},"end":{"line":454,"column":75}},"135":{"start":{"line":462,"column":8},"end":{"line":462,"column":26}},"136":{"start":{"line":474,"column":8},"end":{"line":474,"column":38}},"137":{"start":{"line":487,"column":8},"end":{"line":487,"column":33}},"138":{"start":{"line":502,"column":8},"end":{"line":502,"column":19862}},"139":{"start":{"line":503,"column":12},"end":{"line":503,"column":24}},"140":{"start":{"line":504,"column":15},"end":{"line":504,"column":19932}},"141":{"start":{"line":505,"column":12},"end":{"line":505,"column":23}},"142":{"start":{"line":506,"column":15},"end":{"line":506,"column":20033}},"143":{"start":{"line":507,"column":12},"end":{"line":507,"column":23}},"144":{"start":{"line":509,"column":12},"end":{"line":509,"column":24}},"145":{"start":{"line":522,"column":8},"end":{"line":522,"column":32}},"146":{"start":{"line":534,"column":8},"end":{"line":534,"column":30}},"147":{"start":{"line":538,"column":8},"end":{"line":538,"column":36}},"148":{"start":{"line":541,"column":8},"end":{"line":541,"column":35}},"149":{"start":{"line":549,"column":8},"end":{"line":549,"column":21440}},"150":{"start":{"line":554,"column":12},"end":{"line":554,"column":58}},"151":{"start":{"line":555,"column":12},"end":{"line":555,"column":21793}},"152":{"start":{"line":558,"column":12},"end":{"line":558,"column":22031}},"153":{"start":{"line":560,"column":12},"end":{"line":560,"column":22191}},"154":{"start":{"line":563,"column":12},"end":{"line":563,"column":55}},"155":{"start":{"line":570,"column":8},"end":{"line":570,"column":55}},"156":{"start":{"line":573,"column":8},"end":{"line":573,"column":35}},"157":{"start":{"line":583,"column":8},"end":{"line":583,"column":45}},"158":{"start":{"line":584,"column":8},"end":{"line":584,"column":40}},"159":{"start":{"line":587,"column":8},"end":{"line":587,"column":47}},"160":{"start":{"line":588,"column":8},"end":{"line":588,"column":79}},"161":{"start":{"line":589,"column":8},"end":{"line":589,"column":19}},"162":{"start":{"line":598,"column":8},"end":{"line":598,"column":35}},"163":{"start":{"line":601,"column":8},"end":{"line":601,"column":16}},"164":{"start":{"line":602,"column":8},"end":{"line":602,"column":19}},"165":{"start":{"line":611,"column":8},"end":{"line":611,"column":71}},"166":{"start":{"line":612,"column":8},"end":{"line":612,"column":47}},"167":{"start":{"line":621,"column":8},"end":{"line":621,"column":23914}},"168":{"start":{"line":622,"column":12},"end":{"line":622,"column":50}},"169":{"start":{"line":624,"column":8},"end":{"line":624,"column":20}},"170":{"start":{"line":633,"column":8},"end":{"line":633,"column":24169}},"171":{"start":{"line":634,"column":12},"end":{"line":634,"column":49}},"172":{"start":{"line":636,"column":8},"end":{"line":636,"column":20}},"173":{"start":{"line":642,"column":8},"end":{"line":642,"column":71}},"174":{"start":{"line":643,"column":8},"end":{"line":643,"column":24533}},"175":{"start":{"line":647,"column":8},"end":{"line":647,"column":24693}},"176":{"start":{"line":649,"column":12},"end":{"line":649,"column":23}},"177":{"start":{"line":651,"column":8},"end":{"line":651,"column":20}}},"branchMap":{"1":{"line":329,"type":"if","locations":[{"start":{"line":329,"column":8},"end":{"line":329,"column":8}},{"start":{"line":329,"column":8},"end":{"line":329,"column":8}}]},"2":{"line":332,"type":"if","locations":[{"start":{"line":332,"column":15},"end":{"line":332,"column":15}},{"start":{"line":332,"column":15},"end":{"line":332,"column":15}}]},"3":{"line":335,"type":"if","locations":[{"start":{"line":335,"column":15},"end":{"line":335,"column":15}},{"start":{"line":335,"column":15},"end":{"line":335,"column":15}}]},"4":{"line":338,"type":"if","locations":[{"start":{"line":338,"column":15},"end":{"line":338,"column":15}},{"start":{"line":338,"column":15},"end":{"line":338,"column":15}}]},"5":{"line":341,"type":"if","locations":[{"start":{"line":341,"column":15},"end":{"line":341,"column":15}},{"start":{"line":341,"column":15},"end":{"line":341,"column":15}}]},"6":{"line":344,"type":"if","locations":[{"start":{"line":344,"column":15},"end":{"line":344,"column":15}},{"start":{"line":344,"column":15},"end":{"line":344,"column":15}}]},"7":{"line":374,"type":"if","locations":[{"start":{"line":374,"column":8},"end":{"line":374,"column":8}},{"start":{"line":374,"column":8},"end":{"line":374,"column":8}}]},"8":{"line":391,"type":"if","locations":[{"start":{"line":391,"column":8},"end":{"line":391,"column":8}},{"start":{"line":391,"column":8},"end":{"line":391,"column":8}}]},"9":{"line":502,"type":"if","locations":[{"start":{"line":502,"column":8},"end":{"line":502,"column":8}},{"start":{"line":502,"column":8},"end":{"line":502,"column":8}}]},"10":{"line":504,"type":"if","locations":[{"start":{"line":504,"column":15},"end":{"line":504,"column":15}},{"start":{"line":504,"column":15},"end":{"line":504,"column":15}}]},"11":{"line":506,"type":"if","locations":[{"start":{"line":506,"column":15},"end":{"line":506,"column":15}},{"start":{"line":506,"column":15},"end":{"line":506,"column":15}}]},"12":{"line":538,"type":"if","locations":[{"start":{"line":538,"column":8},"end":{"line":538,"column":8}},{"start":{"line":538,"column":8},"end":{"line":538,"column":8}}]},"13":{"line":549,"type":"if","locations":[{"start":{"line":549,"column":8},"end":{"line":549,"column":8}},{"start":{"line":549,"column":8},"end":{"line":549,"column":8}}]},"14":{"line":583,"type":"if","locations":[{"start":{"line":583,"column":8},"end":{"line":583,"column":8}},{"start":{"line":583,"column":8},"end":{"line":583,"column":8}}]},"15":{"line":584,"type":"if","locations":[{"start":{"line":584,"column":8},"end":{"line":584,"column":8}},{"start":{"line":584,"column":8},"end":{"line":584,"column":8}}]},"16":{"line":587,"type":"if","locations":[{"start":{"line":587,"column":8},"end":{"line":587,"column":8}},{"start":{"line":587,"column":8},"end":{"line":587,"column":8}}]},"17":{"line":588,"type":"if","locations":[{"start":{"line":588,"column":8},"end":{"line":588,"column":8}},{"start":{"line":588,"column":8},"end":{"line":588,"column":8}}]},"18":{"line":598,"type":"if","locations":[{"start":{"line":598,"column":8},"end":{"line":598,"column":8}},{"start":{"line":598,"column":8},"end":{"line":598,"column":8}}]},"19":{"line":611,"type":"if","locations":[{"start":{"line":611,"column":8},"end":{"line":611,"column":8}},{"start":{"line":611,"column":8},"end":{"line":611,"column":8}}]},"20":{"line":612,"type":"if","locations":[{"start":{"line":612,"column":8},"end":{"line":612,"column":8}},{"start":{"line":612,"column":8},"end":{"line":612,"column":8}}]},"21":{"line":621,"type":"if","locations":[{"start":{"line":621,"column":8},"end":{"line":621,"column":8}},{"start":{"line":621,"column":8},"end":{"line":621,"column":8}}]},"22":{"line":633,"type":"if","locations":[{"start":{"line":633,"column":8},"end":{"line":633,"column":8}},{"start":{"line":633,"column":8},"end":{"line":633,"column":8}}]},"23":{"line":642,"type":"if","locations":[{"start":{"line":642,"column":8},"end":{"line":642,"column":8}},{"start":{"line":642,"column":8},"end":{"line":642,"column":8}}]},"24":{"line":647,"type":"if","locations":[{"start":{"line":647,"column":8},"end":{"line":647,"column":8}},{"start":{"line":647,"column":8},"end":{"line":647,"column":8}}]}}},"contracts/Library/RequestMetaLib.sol":{"l":{},"path":"/home/logan/Work/ethereum-alarm-clock/contracts/Library/RequestMetaLib.sol","s":{},"b":{},"f":{},"fnMap":{},"statementMap":{},"branchMap":{}},"contracts/Library/RequestScheduleLib.sol":{"l":{"53":0,"60":0,"61":0,"63":0,"66":0,"78":0,"79":0,"81":0,"88":0,"96":0,"105":0,"114":0,"121":0,"128":0,"135":0,"143":0,"154":0,"155":0,"156":0,"164":0,"171":0,"181":0,"192":0,"199":0},"path":"/home/logan/Work/ethereum-alarm-clock/contracts/Library/RequestScheduleLib.sol","s":{"1":0,"2":0,"3":0,"4":0,"5":0,"6":0,"7":0,"8":0,"9":0,"10":0,"11":0,"12":0,"13":0,"14":0,"15":0,"16":0,"17":0,"18":0,"19":0,"20":0,"21":0,"22":0,"23":0,"24":0,"25":0},"b":{"1":[0,0],"2":[0,0],"3":[0,0],"4":[0,0],"5":[0,0]},"f":{"1":0,"2":0,"3":0,"4":0,"5":0,"6":0,"7":0,"8":0,"9":0,"10":0,"11":0,"12":0,"13":0,"14":0,"15":0,"16":0,"17":0},"fnMap":{"1":{"name":"getNow","line":50,"loc":{"start":{"line":50,"column":4},"end":{"line":52,"column":5}}},"2":{"name":"getNow","line":57,"loc":{"start":{"line":57,"column":4},"end":{"line":59,"column":5}}},"3":{"name":"computePaymentModifier","line":73,"loc":{"start":{"line":73,"column":4},"end":{"line":75,"column":5}}},"4":{"name":"windowEnd","line":87,"loc":{"start":{"line":87,"column":4},"end":{"line":87,"column":65}}},"5":{"name":"reservedWindowEnd","line":95,"loc":{"start":{"line":95,"column":4},"end":{"line":95,"column":73}}},"6":{"name":"freezeStart","line":102,"loc":{"start":{"line":102,"column":4},"end":{"line":104,"column":5}}},"7":{"name":"firstClaimBlock","line":111,"loc":{"start":{"line":111,"column":4},"end":{"line":113,"column":5}}},"8":{"name":"isBeforeWindow","line":120,"loc":{"start":{"line":120,"column":4},"end":{"line":120,"column":70}}},"9":{"name":"isAfterWindow","line":127,"loc":{"start":{"line":127,"column":4},"end":{"line":127,"column":69}}},"10":{"name":"inWindow","line":134,"loc":{"start":{"line":134,"column":4},"end":{"line":134,"column":64}}},"11":{"name":"inReservedWindow","line":142,"loc":{"start":{"line":142,"column":4},"end":{"line":142,"column":72}}},"12":{"name":"inClaimWindow","line":149,"loc":{"start":{"line":149,"column":4},"end":{"line":151,"column":5}}},"13":{"name":"isBeforeFreeze","line":163,"loc":{"start":{"line":163,"column":4},"end":{"line":163,"column":70}}},"14":{"name":"isBeforeClaimWindow","line":170,"loc":{"start":{"line":170,"column":4},"end":{"line":170,"column":75}}},"15":{"name":"validateReservedWindowSize","line":177,"loc":{"start":{"line":177,"column":4},"end":{"line":180,"column":5}}},"16":{"name":"validateWindowStart","line":187,"loc":{"start":{"line":187,"column":4},"end":{"line":191,"column":5}}},"17":{"name":"validateTemporalUnit","line":198,"loc":{"start":{"line":198,"column":4},"end":{"line":198,"column":71}}}},"statementMap":{"1":{"start":{"line":53,"column":8},"end":{"line":53,"column":40}},"2":{"start":{"line":60,"column":8},"end":{"line":60,"column":1856}},"3":{"start":{"line":61,"column":12},"end":{"line":61,"column":34}},"4":{"start":{"line":62,"column":15},"end":{"line":62,"column":1953}},"5":{"start":{"line":63,"column":12},"end":{"line":63,"column":31}},"6":{"start":{"line":66,"column":12},"end":{"line":66,"column":19}},"7":{"start":{"line":78,"column":8},"end":{"line":78,"column":106}},"8":{"start":{"line":79,"column":8},"end":{"line":79,"column":37}},"9":{"start":{"line":81,"column":8},"end":{"line":81,"column":37}},"10":{"start":{"line":88,"column":8},"end":{"line":88,"column":52}},"11":{"start":{"line":96,"column":8},"end":{"line":96,"column":60}},"12":{"start":{"line":105,"column":8},"end":{"line":105,"column":54}},"13":{"start":{"line":114,"column":8},"end":{"line":114,"column":58}},"14":{"start":{"line":121,"column":8},"end":{"line":121,"column":46}},"15":{"start":{"line":128,"column":8},"end":{"line":128,"column":45}},"16":{"start":{"line":135,"column":8},"end":{"line":135,"column":81}},"17":{"start":{"line":143,"column":8},"end":{"line":143,"column":89}},"18":{"start":{"line":154,"column":8},"end":{"line":154,"column":52}},"19":{"start":{"line":155,"column":8},"end":{"line":155,"column":47}},"20":{"start":{"line":156,"column":8},"end":{"line":156,"column":19}},"21":{"start":{"line":164,"column":8},"end":{"line":164,"column":47}},"22":{"start":{"line":171,"column":8},"end":{"line":171,"column":51}},"23":{"start":{"line":181,"column":8},"end":{"line":181,"column":54}},"24":{"start":{"line":192,"column":8},"end":{"line":192,"column":68}},"25":{"start":{"line":199,"column":8},"end":{"line":199,"column":6306}}},"branchMap":{"1":{"line":60,"type":"if","locations":[{"start":{"line":60,"column":8},"end":{"line":60,"column":8}},{"start":{"line":60,"column":8},"end":{"line":60,"column":8}}]},"2":{"line":62,"type":"if","locations":[{"start":{"line":62,"column":15},"end":{"line":62,"column":15}},{"start":{"line":62,"column":15},"end":{"line":62,"column":15}}]},"3":{"line":79,"type":"if","locations":[{"start":{"line":79,"column":8},"end":{"line":79,"column":8}},{"start":{"line":79,"column":8},"end":{"line":79,"column":8}}]},"4":{"line":154,"type":"if","locations":[{"start":{"line":154,"column":8},"end":{"line":154,"column":8}},{"start":{"line":154,"column":8},"end":{"line":154,"column":8}}]},"5":{"line":155,"type":"if","locations":[{"start":{"line":155,"column":8},"end":{"line":155,"column":8}},{"start":{"line":155,"column":8},"end":{"line":155,"column":8}}]}}},"contracts/Library/SchedulerLib.sol":{"l":{"41":0,"42":0,"43":0,"46":0,"47":0,"48":0,"51":0,"52":0,"54":0,"55":0,"57":0,"58":0,"60":0,"69":0,"71":0,"72":0,"74":0,"75":0,"77":0,"78":0,"80":0,"81":0,"83":0,"84":0,"87":0,"96":0,"98":0,"99":0,"101":0,"102":0,"104":0,"105":0,"107":0,"108":0,"110":0,"111":0,"114":0,"124":0,"125":0,"142":0,"143":0,"144":0,"146":0,"168":0,"172":0,"173":0,"174":0,"177":0},"path":"/home/logan/Work/ethereum-alarm-clock/contracts/Library/SchedulerLib.sol","s":{"1":0,"2":0,"3":0,"4":0,"5":0,"6":0,"7":0,"8":0,"9":0,"10":0,"11":0,"12":0,"13":0,"14":0,"15":0,"16":0,"17":0,"18":0,"19":0,"20":0,"21":0,"22":0,"23":0,"24":0,"25":0,"26":0,"27":0,"28":0,"29":0,"30":0,"31":0,"32":0,"33":0,"34":0,"35":0,"36":0,"37":0,"38":0,"39":0,"40":0,"41":0,"42":0,"43":0,"44":0,"45":0,"46":0},"b":{"1":[0,0],"2":[0,0],"3":[0,0],"4":[0,0],"5":[0,0],"6":[0,0],"7":[0,0],"8":[0,0],"9":[0,0],"10":[0,0],"11":[0,0],"12":[0,0],"13":[0,0],"14":[0,0],"15":[0,0],"16":[0,0],"17":[0,0],"18":[0,0]},"f":{"1":0,"2":0,"3":0,"4":0},"fnMap":{"1":{"name":"resetCommon","line":38,"loc":{"start":{"line":38,"column":4},"end":{"line":40,"column":5}}},"2":{"name":"resetAsBlock","line":66,"loc":{"start":{"line":66,"column":4},"end":{"line":68,"column":5}}},"3":{"name":"resetAsTimestamp","line":93,"loc":{"start":{"line":93,"column":4},"end":{"line":95,"column":5}}},"4":{"name":"schedule","line":120,"loc":{"start":{"line":120,"column":4},"end":{"line":123,"column":5}}}},"statementMap":{"1":{"start":{"line":41,"column":8},"end":{"line":41,"column":53}},"2":{"start":{"line":42,"column":8},"end":{"line":42,"column":1048}},"3":{"start":{"line":43,"column":12},"end":{"line":43,"column":40}},"4":{"start":{"line":46,"column":8},"end":{"line":46,"column":51}},"5":{"start":{"line":47,"column":8},"end":{"line":47,"column":1202}},"6":{"start":{"
[...]
ne":110,"column":2921}},"36":{"start":{"line":111,"column":12},"end":{"line":111,"column":44}},"37":{"start":{"line":114,"column":8},"end":{"line":114,"column":19}},"38":{"start":{"line":124,"column":8},"end":{"line":124,"column":81}},"39":{"start":{"line":142,"column":8},"end":{"line":142,"column":23}},"40":{"start":{"line":143,"column":8},"end":{"line":143,"column":23}},"41":{"start":{"line":144,"column":8},"end":{"line":144,"column":26}},"42":{"start":{"line":146,"column":8},"end":{"line":146,"column":38}},"43":{"start":{"line":168,"column":8},"end":{"line":168,"column":5274}},"44":{"start":{"line":172,"column":12},"end":{"line":172,"column":18}},"45":{"start":{"line":174,"column":12},"end":{"line":174,"column":22}},"46":{"start":{"line":177,"column":8},"end":{"line":177,"column":32}}},"branchMap":{"1":{"line":42,"type":"if","locations":[{"start":{"line":42,"column":8},"end":{"line":42,"column":8}},{"start":{"line":42,"column":8},"end":{"line":42,"column":8}}]},"2":{"line":47,"type":"if","locations":[{"start":{"line":47,"column":8},"end":{"line":47,"column":8}},{"start":{"line":47,"column":8},"end":{"line":47,"column":8}}]},"3":{"line":51,"type":"if","locations":[{"start":{"line":51,"column":8},"end":{"line":51,"column":8}},{"start":{"line":51,"column":8},"end":{"line":51,"column":8}}]},"4":{"line":54,"type":"if","locations":[{"start":{"line":54,"column":8},"end":{"line":54,"column":8}},{"start":{"line":54,"column":8},"end":{"line":54,"column":8}}]},"5":{"line":57,"type":"if","locations":[{"start":{"line":57,"column":8},"end":{"line":57,"column":8}},{"start":{"line":57,"column":8},"end":{"line":57,"column":8}}]},"6":{"line":69,"type":"if","locations":[{"start":{"line":69,"column":8},"end":{"line":69,"column":8}},{"start":{"line":69,"column":8},"end":{"line":69,"column":8}}]},"7":{"line":71,"type":"if","locations":[{"start":{"line":71,"column":8},"end":{"line":71,"column":8}},{"start":{"line":71,"column":8},"end":{"line":71,"column":8}}]},"8":{"line":74,"type":"if","locations":[{"start":{"line":74,"column":8},"end":{"line":74,"column":8}},{"start":{"line":74,"column":8},"end":{"line":74,"column":8}}]},"9":{"line":77,"type":"if","locations":[{"start":{"line":77,"column":8},"end":{"line":77,"column":8}},{"start":{"line":77,"column":8},"end":{"line":77,"column":8}}]},"10":{"line":80,"type":"if","locations":[{"start":{"line":80,"column":8},"end":{"line":80,"column":8}},{"start":{"line":80,"column":8},"end":{"line":80,"column":8}}]},"11":{"line":83,"type":"if","locations":[{"start":{"line":83,"column":8},"end":{"line":83,"column":8}},{"start":{"line":83,"column":8},"end":{"line":83,"column":8}}]},"12":{"line":96,"type":"if","locations":[{"start":{"line":96,"column":8},"end":{"line":96,"column":8}},{"start":{"line":96,"column":8},"end":{"line":96,"column":8}}]},"13":{"line":98,"type":"if","locations":[{"start":{"line":98,"column":8},"end":{"line":98,"column":8}},{"start":{"line":98,"column":8},"end":{"line":98,"column":8}}]},"14":{"line":101,"type":"if","locations":[{"start":{"line":101,"column":8},"end":{"line":101,"column":8}},{"start":{"line":101,"column":8},"end":{"line":101,"column":8}}]},"15":{"line":104,"type":"if","locations":[{"start":{"line":104,"column":8},"end":{"line":104,"column":8}},{"start":{"line":104,"column":8},"end":{"line":104,"column":8}}]},"16":{"line":107,"type":"if","locations":[{"start":{"line":107,"column":8},"end":{"line":107,"column":8}},{"start":{"line":107,"column":8},"end":{"line":107,"column":8}}]},"17":{"line":110,"type":"if","locations":[{"start":{"line":110,"column":8},"end":{"line":110,"column":8}},{"start":{"line":110,"column":8},"end":{"line":110,"column":8}}]},"18":{"line":168,"type":"if","locations":[{"start":{"line":168,"column":8},"end":{"line":168,"column":8}},{"start":{"line":168,"column":8},"end":{"line":168,"column":8}}]}}},"contracts/RequestFactory.sol":{"l":{"19":5,"21":5,"47":0,"59":0,"62":0,"68":0,"82":0,"87":0,"88":0,"89":0,"91":0,"92":0,"94":0,"95":0,"97":0,"98":0,"100":0,"101":0,"103":0,"104":0,"109":0,"112":0,"143":0,"162":0,"163":0},"path":"/home/logan/Work/ethereum-alarm-clock/contracts/RequestFactory.sol","s":{"1":5,"2":5,"3":0,"4":0,"5":0,"6":0,"7":0,"8":0,"9":0,"10":0,"11":0,"12":0,"13":0,"14":0,"15":0,"16":0,"17":0,"18":0,"19":0,"20":0,"21":0,"22":0,"23":0,"24":0},"b":{"1":[5,0],"2":[0,0],"3":[0,0],"4":[0,0],"5":[0,0],"6":[0,0],"7":[0,0],"8":[0,0],"9":[0,0]},"f":{"1":5,"2":0,"3":0,"4":0,"5":0},"fnMap":{"1":{"name":"RequestFactory","line":18,"loc":{"start":{"line":18,"column":4},"end":{"line":18,"column":50}}},"2":{"name":"createRequest","line":42,"loc":{"start":{"line":42,"column":4},"end":{"line":46,"column":5}}},"3":{"name":"createValidatedRequest","line":77,"loc":{"start":{"line":77,"column":4},"end":{"line":81,"column":5}}},"4":{"name":"validateRequestParams","line":137,"loc":{"start":{"line":137,"column":4},"end":{"line":142,"column":5}}},"5":{"name":"isKnownRequest","line":159,"loc":{"start":{"line":159,"column":4},"end":{"line":161,"column":5}}}},"statementMap":{"1":{"start":{"line":19,"column":8},"end":{"line":19,"column":40}},"2":{"start":{"line":21,"column":8},"end":{"line":21,"column":64}},"3":{"start":{"line":47,"column":8},"end":{"line":47,"column":1735}},"4":{"start":{"line":59,"column":8},"end":{"line":59,"column":40}},"5":{"start":{"line":62,"column":8},"end":{"line":62,"column":39}},"6":{"start":{"line":68,"column":8},"end":{"line":68,"column":22}},"7":{"start":{"line":82,"column":8},"end":{"line":82,"column":2928}},"8":{"start":{"line":87,"column":8},"end":{"line":87,"column":3107}},"9":{"start":{"line":88,"column":12},"end":{"line":88,"column":3146}},"10":{"start":{"line":89,"column":16},"end":{"line":89,"column":67}},"11":{"start":{"line":91,"column":12},"end":{"line":91,"column":3262}},"12":{"start":{"line":92,"column":16},"end":{"line":92,"column":85}},"13":{"start":{"line":94,"column":12},"end":{"line":94,"column":3396}},"14":{"start":{"line":95,"column":16},"end":{"line":95,"column":65}},"15":{"start":{"line":97,"column":12},"end":{"line":97,"column":3510}},"16":{"start":{"line":98,"column":16},"end":{"line":98,"column":68}},"17":{"start":{"line":100,"column":12},"end":{"line":100,"column":3627}},"18":{"start":{"line":101,"column":16},"end":{"line":101,"column":60}},"19":{"start":{"line":103,"column":12},"end":{"line":103,"column":3736}},"20":{"start":{"line":104,"column":16},"end":{"line":104,"column":60}},"21":{"start":{"line":112,"column":8},"end":{"line":112,"column":61}},"22":{"start":{"line":143,"column":8},"end":{"line":143,"column":4963}},"23":{"start":{"line":162,"column":8},"end":{"line":162,"column":35}},"24":{"start":{"line":163,"column":8},"end":{"line":163,"column":33}}},"branchMap":{"1":{"line":19,"type":"if","locations":[{"start":{"line":19,"column":8},"end":{"line":19,"column":8}},{"start":{"line":19,"column":8},"end":{"line":19,"column":8}}]},"2":{"line":87,"type":"if","locations":[{"start":{"line":87,"column":8},"end":{"line":87,"column":8}},{"start":{"line":87,"column":8},"end":{"line":87,"column":8}}]},"3":{"line":88,"type":"if","locations":[{"start":{"line":88,"column":12},"end":{"line":88,"column":12}},{"start":{"line":88,"column":12},"end":{"line":88,"column":12}}]},"4":{"line":91,"type":"if","locations":[{"start":{"line":91,"column":12},"end":{"line":91,"column":12}},{"start":{"line":91,"column":12},"end":{"line":91,"column":12}}]},"5":{"line":94,"type":"if","locations":[{"start":{"line":94,"column":12},"end":{"line":94,"column":12}},{"start":{"line":94,"column":12},"end":{"line":94,"column":12}}]},"6":{"line":97,"type":"if","locations":[{"start":{"line":97,"column":12},"end":{"line":97,"column":12}},{"start":{"line":97,"column":12},"end":{"line":97,"column":12}}]},"7":{"line":100,"type":"if","locations":[{"start":{"line":100,"column":12},"end":{"line":100,"column":12}},{"start":{"line":100,"column":12},"end":{"line":100,"column":12}}]},"8":{"line":103,"type":"if","locations":[{"start":{"line":103,"column":12},"end":{"line":103,"column":12}},{"start":{"line":103,"column":12},"end":{"line":103,"column":12}}]},"9":{"line":162,"type":"if","locations":[{"start":{"line":162,"column":8},"end":{"line":162,"column":8}},{"start":{"line":162,"column":8},"end":{"line":162,"column":8}}]}}},"contracts/RequestTracker.sol":{"l":{"26":0,"35":12,"44":12,"53":13,"54":13,"63":1,"64":1,"74":15,"83":2},"path":"/home/logan/Work/ethereum-alarm-clock/contracts/RequestTracker.sol","s":{"1":0,"2":12,"3":12,"4":13,"5":1,"6":15,"7":2},"b":{},"f":{"1":0,"2":12,"3":12,"4":13,"5":1,"6":15,"7":2},"fnMap":{"1":{"name":"getWindowStart","line":23,"loc":{"start":{"line":23,"column":4},"end":{"line":25,"column":5}}},"2":{"name":"getPreviousRequest","line":32,"loc":{"start":{"line":32,"column":4},"end":{"line":34,"column":5}}},"3":{"name":"getNextRequest","line":41,"loc":{"start":{"line":41,"column":4},"end":{"line":43,"column":5}}},"4":{"name":"addRequest","line":50,"loc":{"start":{"line":50,"column":4},"end":{"line":52,"column":5}}},"5":{"name":"removeRequest","line":60,"loc":{"start":{"line":60,"column":4},"end":{"line":62,"column":5}}},"6":{"name":"isKnownRequest","line":71,"loc":{"start":{"line":71,"column":4},"end":{"line":73,"column":5}}},"7":{"name":"query","line":80,"loc":{"start":{"line":80,"column":4},"end":{"line":82,"column":5}}}},"statementMap":{"1":{"start":{"line":26,"column":8},"end":{"line":26,"column":78}},"2":{"start":{"line":35,"column":8},"end":{"line":35,"column":84}},"3":{"start":{"line":44,"column":8},"end":{"line":44,"column":80}},"4":{"start":{"line":54,"column":8},"end":{"line":54,"column":19}},"5":{"start":{"line":64,"column":8},"end":{"line":64,"column":19}},"6":{"start":{"line":74,"column":8},"end":{"line":74,"column":66}},"7":{"start":{"line":83,"column":8},"end":{"line":83,"column":97}}},"branchMap":{}},"contracts/Scheduler/BaseScheduler.sol":{"l":{"28":0,"29":0,"30":0,"31":0,"32":0,"33":0,"35":0,"37":0,"38":0,"39":0,"40":0,"48":0,"49":0,"50":0,"51":0,"52":0,"53":0,"54":0,"55":0,"61":0,"63":0,"64":0,"65":0,"66":0,"90":0,"91":0,"92":0,"93":0,"94":0,"95":0,"101":0,"103":0,"124":0,"125":0,"126":0,"127":0,"128":0,"129":0,"130":0,"131":0,"137":0,"139":0},"path":"/home/logan/Work/ethereum-alarm-clock/contracts/Scheduler/BaseScheduler.sol","s":{"1":0,"2":0,"3":0,"4":0,"5":0,"6":0,"7":0,"8":0,"9":0,"10":0,"11":0,"12":0,"13":0,"14":0,"15":0,"16":0,"17":0,"18":0,"19":0,"20":0,"21":0,"22":0,"23":0,"24":0,"25":0,"26":0,"27":0,"28":0,"29":0,"30":0,"31":0,"32":0,"33":0,"34":0,"35":0,"36":0,"37":0,"38":0,"39":0,"40":0,"41":0,"42":0},"b":{"1":[0,0],"2":[0,0]},"f":{"1":0,"2":0,"3":0,"4":0,"5":0},"fnMap":{"1":{"name":null,"line":18,"loc":{"start":{"line":18,"column":4},"end":{"line":18,"column":27}}},"2":{"name":"scheduleTxSimple","line":23,"loc":{"start":{"line":23,"column":4},"end":{"line":27,"column":5}}},"3":{"name":"scheduleTxFull","line":43,"loc":{"start":{"line":43,"column":4},"end":{"line":47,"column":5}}},"4":{"name":"scheduleTransaction","line":85,"loc":{"start":{"line":85,"column":4},"end":{"line":89,"column":5}}},"5":{"name":"scheduleTransaction","line":119,"loc":{"start":{"line":119,"column":4},"end":{"line":123,"column":5}}}},"statementMap":{"1":{"start":{"line":28,"column":8},"end":{"line":28,"column":47}},"2":{"start":{"line":29,"column":8},"end":{"line":29,"column":45}},"3":{"start":{"line":30,"column":8},"end":{"line":30,"column":47}},"4":{"start":{"line":31,"column":8},"end":{"line":31,"column":49}},"5":{"start":{"line":32,"column":8},"end":{"line":32,"column":50}},"6":{"start":{"line":33,"column":8},"end":{"line":33,"column":51}},"7":{"start":{"line":35,"column":8},"end":{"line":35,"column":52}},"8":{"start":{"line":37,"column":8},"end":{"line":37,"column":70}},"9":{"start":{"line":38,"column":8},"end":{"line":38,"column":34}},"10":{"start":{"line":39,"column":8},"end":{"line":39,"column":29}},"11":{"start":{"line":40,"column":8},"end":{"line":40,"column":25}},"12":{"start":{"line":48,"column":8},"end":{"line":48,"column":47}},"13":{"start":{"line":49,"column":8},"end":{"line":49,"column":45}},"14":{"start":{"line":50,"column":8},"end":{"line":50,"column":47}},"15":{"start":{"line":51,"column":8},"end":{"line":51,"column":49}},"16":{"start":{"line":52,"column":8},"end":{"line":52,"column":48}},"17":{"start":{"line":53,"column":8},"end":{"line":53,"column":47}},"18":{"start":{"line":54,"column":8},"end":{"line":54,"column":50}},"19":{"start":{"line":55,"column":8},"end":{"line":55,"column":51}},"20":{"start":{"line":61,"column":8},"end":{"line":61,"column":52}},"21":{"start":{"line":63,"column":8},"end":{"line":63,"column":70}},"22":{"start":{"line":64,"column":8},"end":{"line":64,"column":34}},"23":{"start":{"line":65,"column":8},"end":{"line":65,"column":29}},"24":{"start":{"line":66,"column":8},"end":{"line":66,"column":25}},"25":{"start":{"line":90,"column":8},"end":{"line":90,"column":47}},"26":{"start":{"line":91,"column":8},"end":{"line":91,"column":44}},"27":{"start":{"line":92,"column":8},"end":{"line":92,"column":46}},"28":{"start":{"line":93,"column":8},"end":{"line":93,"column":48}},"29":{"start":{"line":94,"column":8},"end":{"line":94,"column":49}},"30":{"start":{"line":95,"column":8},"end":{"line":95,"column":50}},"31":{"start":{"line":101,"column":8},"end":{"line":101,"column":52}},"32":{"start":{"line":103,"column":8},"end":{"line":103,"column":57}},"33":{"start":{"line":124,"column":8},"end":{"line":124,"column":46}},"34":{"start":{"line":125,"column":8},"end":{"line":125,"column":44}},"35":{"start":{"line":126,"column":8},"end":{"line":126,"column":46}},"36":{"start":{"line":127,"column":8},"end":{"line":127,"column":48}},"37":{"start":{"line":128,"column":8},"end":{"line":128,"column":47}},"38":{"start":{"line":129,"column":8},"end":{"line":129,"column":46}},"39":{"start":{"line":130,"column":8},"end":{"line":130,"column":49}},"40":{"start":{"line":131,"column":8},"end":{"line":131,"column":50}},"41":{"start":{"line":137,"column":8},"end":{"line":137,"column":52}},"42":{"start":{"line":139,"column":8},"end":{"line":139,"column":57}}},"branchMap":{"1":{"line":38,"type":"if","locations":[{"start":{"line":38,"column":8},"end":{"line":38,"column":8}},{"start":{"line":38,"column":8},"end":{"line":38,"column":8}}]},"2":{"line":64,"type":"if","locations":[{"start":{"line":64,"column":8},"end":{"line":64,"column":8}},{"start":{"line":64,"column":8},"end":{"line":64,"column":8}}]}}},"contracts/Scheduler/BlockScheduler.sol":{"l":{"18":2,"21":2},"path":"/home/logan/Work/ethereum-alarm-clock/contracts/Scheduler/BlockScheduler.sol","s":{"1":2,"2":2},"b":{},"f":{"1":2},"fnMap":{"1":{"name":"BlockScheduler","line":16,"loc":{"start":{"line":16,"column":4},"end":{"line":16,"column":50}}}},"statementMap":{"1":{"start":{"line":18,"column":8},"end":{"line":18,"column":56}},"2":{"start":{"line":21,"column":8},"end":{"line":21,"column":39}}},"branchMap":{}},"contracts/Scheduler/TimestampScheduler.sol":{"l":{"18":4,"21":4},"path":"/home/logan/Work/ethereum-alarm-clock/contracts/Scheduler/TimestampScheduler.sol","s":{"1":4,"2":4},"b":{},"f":{"1":4},"fnMap":{"1":{"name":"TimestampScheduler","line":16,"loc":{"start":{"line":16,"column":4},"end":{"line":16,"column":54}}}},"statementMap":{"1":{"start":{"line":18,"column":8},"end":{"line":18,"column":56}},"2":{"start":{"line":21,"column":8},"end":{"line":21,"column":39}}},"branchMap":{}},"contracts/TransactionRequest.sol":{"l":{"34":1,"47":0,"48":0,"53":0,"57":0,"69":0,"70":0,"74":0,"81":0,"88":0,"99":0,"103":0,"107":0},"path":"/home/logan/Work/ethereum-alarm-clock/contracts/TransactionRequest.sol","s":{"1":0,"2":0,"3":0,"4":0,"5":0,"6":0,"7":0,"8":0,"9":0,"10":0,"11":0,"12":0},"b":{"1":[0,0],"2":[0,0]},"f":{"1":1,"2":0,"3":0,"4":0,"5":0,"6":0,"7":0,"8":0,"9":0,"10":0,"11":0},"fnMap":{"1":{"name":"TransactionRequest","line":29,"loc":{"start":{"line":29,"column":4},"end":{"line":33,"column":5}}},"2":{"name":null,"line":41,"loc":{"start":{"line":41,"column":4},"end":{"line":41,"column":27}}},"3":{"name":"execute","line":46,"loc":{"start":{"line":46,"column":4},"end":{"line":46,"column":42}}},"4":{"name":"cancel","line":52,"loc":{"start":{"line":52,"column":4},"end":{"line":52,"column":41}}},"5":{"name":"claim","line":56,"loc":{"start":{"line":56,"column":4},"end":{"line":56,"column":48}}},"6":{"name":"requestData","line":66,"loc":{"start":{"line":66,"column":4},"end":{"line":68,"column":5}}},"7":{"name":"callData","line":87,"loc":{"start":{"line":87,"column":4},"end":{"line":87,"column":51}}},"8":{"name":"refundClaimDeposit","line":94,"loc":{"start":{"line":94,"column":4},"end":{"line":94,"column":38}}},"9":{"name":"sendDonation","line":98,"loc":{"start":{"line":98,"column":4},"end":{"line":98,"column":47}}},"10":{"name":"sendPayment","line":102,"loc":{"start":{"line":102,"column":4},"end":{"line":102,"column":46}}},"11":{"name":"sendOwnerEther","line":106,"loc":{"start":{"line":106,"column":4},"end":{"line":106,"column":49}}}},"statementMap":{"1":{"start":{"line":47,"column":8},"end":{"line":47,"column":36}},"2":{"start":{"line":48,"column":8},"end":{"line":48,"column":19}},"3":{"start":{"line":53,"column":8},"end":{"line":53,"column":34}},"4":{"start":{"line":57,"column":8},"end":{"line":57,"column":33}},"5":{"start":{"line":69,"column":8},"end":{"line":69,"column":2019}},"6":{"start":{"line":70,"column":12},"end":{"line":70,"column":2116}},"7":{"start":{"line":74,"column":12},"end":{"line":74,"column":2327}},"8":{"start":{"line":81,"column":12},"end":{"line":81,"column":19}},"9":{"start":{"line":88,"column":8},"end":{"line":88,"column":42}},"10":{"start":{"line":99,"column":8},"end":{"line":99,"column":40}},"11":{"start":{"line":103,"column":8},"end":{"line":103,"column":39}},"12":{"start":{"line":107,"column":8},"end":{"line":107,"column":42}}},"branchMap":{"1":{"line":47,"type":"if","locations":[{"start":{"line":47,"column":8},"end":{"line":47,"column":8}},{"start":{"line":47,"column":8},"end":{"line":47,"column":8}}]},"2":{"line":69,"type":"if","locations":[{"start":{"line":69,"column":8},"end":{"line":69,"column":8}},{"start":{"line":69,"column":8},"end":{"line":69,"column":8}}]}}},"contracts/zeppelin/SafeMath.sol":{"l":{"10":0,"11":0,"12":0,"17":0,"19":0,"23":0,"24":0,"28":0,"29":0,"30":0},"path":"/home/logan/Work/ethereum-alarm-clock/contracts/zeppelin/SafeMath.sol","s":{"1":0,"2":0,"3":0,"4":0,"5":0,"6":0,"7":0,"8":0,"9":0,"10":0},"b":{"1":[0,0],"2":[0,0],"3":[0,0]},"f":{"1":0,"2":0,"3":0,"4":0},"fnMap":{"1":{"name":"mul","line":9,"loc":{"start":{"line":9,"column":2},"end":{"line":9,"column":68}}},"2":{"name":"div","line":15,"loc":{"start":{"line":15,"column":2},"end":{"line":15,"column":68}}},"3":{"name":"sub","line":22,"loc":{"start":{"line":22,"column":2},"end":{"line":22,"column":68}}},"4":{"name":"add","line":27,"loc":{"start":{"line":27,"column":2},"end":{"line":27,"column":68}}}},"statementMap":{"1":{"start":{"line":10,"column":4},"end":{"line":10,"column":20}},"2":{"start":{"line":11,"column":4},"end":{"line":11,"column":31}},"3":{"start":{"line":12,"column":4},"end":{"line":12,"column":12}},"4":{"start":{"line":17,"column":4},"end":{"line":17,"column":20}},"5":{"start":{"line":19,"column":4},"end":{"line":19,"column":12}},"6":{"start":{"line":23,"column":4},"end":{"line":23,"column":17}},"7":{"start":{"line":24,"column":4},"end":{"line":24,"column":16}},"8":{"start":{"line":28,"column":4},"end":{"line":28,"column":20}},"9":{"start":{"line":29,"column":4},"end":{"line":29,"column":17}},"10":{"start":{"line":30,"column":4},"end":{"line":30,"column":12}}},"branchMap":{"1":{"line":11,"type":"if","locations":[{"start":{"line":11,"column":4},"end":{"line":11,"column":4}},{"start":{"line":11,"column":4},"end":{"line":11,"column":4}}]},"2":{"line":23,"type":"if","locations":[{"start":{"line":23,"column":4},"end":{"line":23,"column":4}},{"start":{"line":23,"column":4},"end":{"line":23,"column":4}}]},"3":{"line":29,"type":"if","locations":[{"start":{"line":29,"column":4},"end":{"line":29,"column":4}},{"start":{"line":29,"column":4},"end":{"line":29,"column":4}}]}}}}